2025/03/13 19:45:47 [notice] 1#1: using the "epoll" event method
2025/03/13 19:45:47 [notice] 1#1: nginx/1.27.4
2025/03/13 19:45:47 [notice] 1#1: built by gcc 14.2.0 (Alpine 14.2.0) 
2025/03/13 19:45:47 [notice] 1#1: OS: Linux 6.12.5-linuxkit
2025/03/13 19:45:47 [notice] 1#1: getrlimit(RLIMIT_NOFILE): 1048576:1048576
2025/03/13 19:45:47 [notice] 1#1: start worker processes
2025/03/13 19:45:47 [notice] 1#1: start worker process 29
2025/03/13 19:45:47 [notice] 1#1: start worker process 30
2025/03/13 19:45:47 [notice] 1#1: start worker process 31
2025/03/13 19:45:47 [notice] 1#1: start worker process 32
2025/03/13 19:45:47 [notice] 1#1: start worker process 33
2025/03/13 19:45:47 [notice] 1#1: start worker process 34
2025/03/13 19:45:47 [notice] 1#1: start worker process 35
2025/03/13 19:45:47 [notice] 1#1: start worker process 36
2025/03/13 19:45:47 [notice] 1#1: start worker process 37
2025/03/13 19:45:47 [notice] 1#1: start worker process 38
2025/03/13 19:45:47 [notice] 1#1: start worker process 39
2025/03/13 19:45:47 [notice] 1#1: start worker process 40
2025/03/13 19:46:44 [notice] 1#1: signal 3 (SIGQUIT) received, shutting down
2025/03/13 19:46:44 [notice] 30#30: gracefully shutting down
2025/03/13 19:46:44 [notice] 31#31: gracefully shutting down
2025/03/13 19:46:44 [notice] 31#31: exiting
2025/03/13 19:46:44 [notice] 32#32: gracefully shutting down
2025/03/13 19:46:44 [notice] 32#32: exiting
2025/03/13 19:46:44 [notice] 29#29: gracefully shutting down
2025/03/13 19:46:44 [notice] 33#33: gracefully shutting down
2025/03/13 19:46:44 [notice] 33#33: exiting
2025/03/13 19:46:44 [notice] 34#34: gracefully shutting down
2025/03/13 19:46:44 [notice] 35#35: gracefully shutting down
2025/03/13 19:46:44 [notice] 35#35: exiting
2025/03/13 19:46:44 [notice] 38#38: gracefully shutting down
2025/03/13 19:46:44 [notice] 35#35: exit
2025/03/13 19:46:44 [notice] 36#36: gracefully shutting down
2025/03/13 19:46:44 [notice] 36#36: exiting
2025/03/13 19:46:44 [notice] 37#37: gracefully shutting down
2025/03/13 19:46:44 [notice] 36#36: exit
2025/03/13 19:46:44 [notice] 39#39: gracefully shutting down
2025/03/13 19:46:44 [notice] 39#39: exiting
2025/03/13 19:46:44 [notice] 40#40: gracefully shutting down
2025/03/13 19:46:44 [notice] 39#39: exit
2025/03/13 19:46:44 [notice] 31#31: exit
2025/03/13 19:46:44 [notice] 32#32: exit
2025/03/13 19:46:44 [notice] 29#29: exiting
2025/03/13 19:46:44 [notice] 33#33: exit
2025/03/13 19:46:44 [notice] 34#34: exiting
2025/03/13 19:46:44 [notice] 38#38: exiting
2025/03/13 19:46:44 [notice] 37#37: exiting
2025/03/13 19:46:44 [notice] 38#38: exit
2025/03/13 19:46:44 [notice] 40#40: exiting
2025/03/13 19:46:44 [notice] 29#29: exit
2025/03/13 19:46:44 [notice] 34#34: exit
2025/03/13 19:46:44 [notice] 37#37: exit
2025/03/13 19:46:44 [notice] 40#40: exit
2025/03/13 19:46:44 [notice] 1#1: signal 17 (SIGCHLD) received from 35
2025/03/13 19:46:44 [notice] 1#1: worker process 35 exited with code 0
2025/03/13 19:46:44 [notice] 1#1: signal 29 (SIGIO) received
2025/03/13 19:46:44 [notice] 1#1: signal 17 (SIGCHLD) received from 37
2025/03/13 19:46:44 [notice] 1#1: worker process 29 exited with code 0
2025/03/13 19:46:44 [notice] 1#1: worker process 33 exited with code 0
2025/03/13 19:46:44 [notice] 1#1: worker process 34 exited with code 0
2025/03/13 19:46:44 [notice] 1#1: worker process 36 exited with code 0
2025/03/13 19:46:44 [notice] 1#1: worker process 37 exited with code 0
2025/03/13 19:46:44 [notice] 1#1: worker process 38 exited with code 0
2025/03/13 19:46:44 [notice] 1#1: worker process 39 exited with code 0
2025/03/13 19:46:44 [notice] 1#1: worker process 40 exited with code 0
2025/03/13 19:46:44 [notice] 1#1: signal 29 (SIGIO) received
2025/03/13 19:46:44 [notice] 1#1: signal 17 (SIGCHLD) received from 36
2025/03/13 19:46:44 [notice] 1#1: signal 17 (SIGCHLD) received from 31
2025/03/13 19:46:44 [notice] 1#1: worker process 31 exited with code 0
2025/03/13 19:46:44 [notice] 1#1: worker process 32 exited with code 0
2025/03/13 19:46:44 [notice] 1#1: signal 29 (SIGIO) received
2025/03/13 19:46:44 [notice] 1#1: signal 17 (SIGCHLD) received from 32
2025/03/13 19:47:00 [notice] 1#1: using the "epoll" event method
2025/03/13 19:47:00 [notice] 1#1: nginx/1.27.4
2025/03/13 19:47:00 [notice] 1#1: built by gcc 14.2.0 (Alpine 14.2.0) 
2025/03/13 19:47:00 [notice] 1#1: OS: Linux 6.12.5-linuxkit
2025/03/13 19:47:00 [notice] 1#1: getrlimit(RLIMIT_NOFILE): 1048576:1048576
2025/03/13 19:47:00 [notice] 1#1: start worker processes
2025/03/13 19:47:00 [notice] 1#1: start worker process 29
2025/03/13 19:47:00 [notice] 1#1: start worker process 30
2025/03/13 19:47:00 [notice] 1#1: start worker process 31
2025/03/13 19:47:00 [notice] 1#1: start worker process 32
2025/03/13 19:47:00 [notice] 1#1: start worker process 33
2025/03/13 19:47:00 [notice] 1#1: start worker process 34
2025/03/13 19:47:00 [notice] 1#1: start worker process 35
2025/03/13 19:47:00 [notice] 1#1: start worker process 36
2025/03/13 19:47:00 [notice] 1#1: start worker process 37
2025/03/13 19:47:00 [notice] 1#1: start worker process 38
2025/03/13 19:47:00 [notice] 1#1: start worker process 39
2025/03/13 19:47:00 [notice] 1#1: start worker process 40
2025/03/13 19:48:38 [notice] 1#1: signal 3 (SIGQUIT) received, shutting down
2025/03/13 19:48:38 [notice] 29#29: gracefully shutting down
2025/03/13 19:48:38 [notice] 31#31: gracefully shutting down
2025/03/13 19:48:38 [notice] 32#32: gracefully shutting down
2025/03/13 19:48:38 [notice] 32#32: exiting
2025/03/13 19:48:38 [notice] 30#30: gracefully shutting down
2025/03/13 19:48:38 [notice] 33#33: gracefully shutting down
2025/03/13 19:48:38 [notice] 33#33: exiting
2025/03/13 19:48:38 [notice] 34#34: gracefully shutting down
2025/03/13 19:48:38 [notice] 35#35: gracefully shutting down
2025/03/13 19:48:38 [notice] 35#35: exiting
2025/03/13 19:48:38 [notice] 38#38: gracefully shutting down
2025/03/13 19:48:38 [notice] 38#38: exiting
2025/03/13 19:48:38 [notice] 37#37: gracefully shutting down
2025/03/13 19:48:38 [notice] 37#37: exiting
2025/03/13 19:48:38 [notice] 39#39: gracefully shutting down
2025/03/13 19:48:38 [notice] 36#36: gracefully shutting down
2025/03/13 19:48:38 [notice] 40#40: gracefully shutting down
2025/03/13 19:48:38 [notice] 29#29: exiting
2025/03/13 19:48:38 [notice] 32#32: exit
2025/03/13 19:48:38 [notice] 30#30: exiting
2025/03/13 19:48:38 [notice] 34#34: exiting
2025/03/13 19:48:38 [notice] 33#33: exit
2025/03/13 19:48:38 [notice] 35#35: exit
2025/03/13 19:48:38 [notice] 38#38: exit
2025/03/13 19:48:38 [notice] 37#37: exit
2025/03/13 19:48:38 [notice] 39#39: exiting
2025/03/13 19:48:38 [notice] 36#36: exiting
2025/03/13 19:48:38 [notice] 39#39: exit
2025/03/13 19:48:38 [notice] 40#40: exiting
2025/03/13 19:48:38 [notice] 29#29: exit
2025/03/13 19:48:38 [notice] 40#40: exit
2025/03/13 19:48:38 [notice] 30#30: exit
2025/03/13 19:48:38 [notice] 34#34: exit
2025/03/13 19:48:38 [notice] 36#36: exit
2025/03/13 19:48:38 [notice] 1#1: signal 17 (SIGCHLD) received from 32
2025/03/13 19:48:38 [notice] 1#1: worker process 30 exited with code 0
2025/03/13 19:48:38 [notice] 1#1: worker process 32 exited with code 0
2025/03/13 19:48:38 [notice] 1#1: worker process 38 exited with code 0
2025/03/13 19:48:38 [notice] 1#1: worker process 40 exited with code 0
2025/03/13 19:48:38 [notice] 1#1: signal 29 (SIGIO) received
2025/03/13 19:48:38 [notice] 1#1: signal 17 (SIGCHLD) received from 40
2025/03/13 19:48:38 [notice] 1#1: signal 17 (SIGCHLD) received from 29
2025/03/13 19:48:38 [notice] 1#1: worker process 29 exited with code 0
2025/03/13 19:48:38 [notice] 1#1: worker process 33 exited with code 0
2025/03/13 19:48:38 [notice] 1#1: worker process 34 exited with code 0
2025/03/13 19:48:38 [notice] 1#1: worker process 36 exited with code 0
2025/03/13 19:48:38 [notice] 1#1: worker process 37 exited with code 0
2025/03/13 19:48:38 [notice] 1#1: signal 29 (SIGIO) received
2025/03/13 19:48:38 [notice] 1#1: signal 17 (SIGCHLD) received from 37
2025/03/13 19:48:38 [notice] 1#1: signal 17 (SIGCHLD) received from 35
2025/03/13 19:48:38 [notice] 1#1: worker process 35 exited with code 0
2025/03/13 19:48:38 [notice] 1#1: worker process 39 exited with code 0
2025/03/13 19:48:38 [notice] 1#1: signal 29 (SIGIO) received
2025/03/13 19:48:38 [notice] 1#1: signal 17 (SIGCHLD) received from 39
2025/03/13 19:48:47 [notice] 1#1: using the "epoll" event method
2025/03/13 19:48:47 [notice] 1#1: nginx/1.27.4
2025/03/13 19:48:47 [notice] 1#1: built by gcc 14.2.0 (Alpine 14.2.0) 
2025/03/13 19:48:47 [notice] 1#1: OS: Linux 6.12.5-linuxkit
2025/03/13 19:48:47 [notice] 1#1: getrlimit(RLIMIT_NOFILE): 1048576:1048576
2025/03/13 19:48:47 [notice] 1#1: start worker processes
2025/03/13 19:48:47 [notice] 1#1: start worker process 29
2025/03/13 19:48:47 [notice] 1#1: start worker process 30
2025/03/13 19:48:47 [notice] 1#1: start worker process 31
2025/03/13 19:48:47 [notice] 1#1: start worker process 32
2025/03/13 19:48:47 [notice] 1#1: start worker process 33
2025/03/13 19:48:47 [notice] 1#1: start worker process 34
2025/03/13 19:48:47 [notice] 1#1: start worker process 35
2025/03/13 19:48:47 [notice] 1#1: start worker process 36
2025/03/13 19:48:47 [notice] 1#1: start worker process 37
2025/03/13 19:48:47 [notice] 1#1: start worker process 38
2025/03/13 19:48:47 [notice] 1#1: start worker process 39
2025/03/13 19:48:47 [notice] 1#1: start worker process 40
2025/03/13 19:55:30 [notice] 1#1: signal 3 (SIGQUIT) received, shutting down
2025/03/13 19:55:30 [notice] 29#29: gracefully shutting down
2025/03/13 19:55:30 [notice] 34#34: gracefully shutting down
2025/03/13 19:55:30 [notice] 30#30: gracefully shutting down
2025/03/13 19:55:30 [notice] 31#31: gracefully shutting down
2025/03/13 19:55:30 [notice] 32#32: gracefully shutting down
2025/03/13 19:55:30 [notice] 32#32: exiting
2025/03/13 19:55:30 [notice] 33#33: gracefully shutting down
2025/03/13 19:55:30 [notice] 33#33: exiting
2025/03/13 19:55:30 [notice] 35#35: gracefully shutting down
2025/03/13 19:55:30 [notice] 35#35: exiting
2025/03/13 19:55:30 [notice] 36#36: gracefully shutting down
2025/03/13 19:55:30 [notice] 37#37: gracefully shutting down
2025/03/13 19:55:30 [notice] 37#37: exiting
2025/03/13 19:55:30 [notice] 29#29: exiting
2025/03/13 19:55:30 [notice] 37#37: exit
2025/03/13 19:55:30 [notice] 39#39: gracefully shutting down
2025/03/13 19:55:30 [notice] 40#40: gracefully shutting down
2025/03/13 19:55:30 [notice] 40#40: exiting
2025/03/13 19:55:30 [notice] 38#38: gracefully shutting down
2025/03/13 19:55:30 [notice] 34#34: exiting
2025/03/13 19:55:30 [notice] 30#30: exiting
2025/03/13 19:55:30 [notice] 31#31: exiting
2025/03/13 19:55:30 [notice] 32#32: exit
2025/03/13 19:55:30 [notice] 33#33: exit
2025/03/13 19:55:30 [notice] 35#35: exit
2025/03/13 19:55:30 [notice] 36#36: exiting
2025/03/13 19:55:30 [notice] 29#29: exit
2025/03/13 19:55:30 [notice] 39#39: exiting
2025/03/13 19:55:30 [notice] 40#40: exit
2025/03/13 19:55:30 [notice] 38#38: exiting
2025/03/13 19:55:30 [notice] 34#34: exit
2025/03/13 19:55:30 [notice] 30#30: exit
2025/03/13 19:55:30 [notice] 31#31: exit
2025/03/13 19:55:30 [notice] 36#36: exit
2025/03/13 19:55:30 [notice] 39#39: exit
2025/03/13 19:55:30 [notice] 38#38: exit
2025/03/13 19:55:30 [notice] 1#1: signal 17 (SIGCHLD) received from 39
2025/03/13 19:55:30 [notice] 1#1: worker process 29 exited with code 0
2025/03/13 19:55:30 [notice] 1#1: worker process 32 exited with code 0
2025/03/13 19:55:30 [notice] 1#1: worker process 34 exited with code 0
2025/03/13 19:55:30 [notice] 1#1: worker process 39 exited with code 0
2025/03/13 19:55:30 [notice] 1#1: signal 29 (SIGIO) received
2025/03/13 19:55:30 [notice] 1#1: signal 17 (SIGCHLD) received from 34
2025/03/13 19:55:30 [notice] 1#1: signal 17 (SIGCHLD) received from 31
2025/03/13 19:55:30 [notice] 1#1: worker process 31 exited with code 0
2025/03/13 19:55:30 [notice] 1#1: worker process 30 exited with code 0
2025/03/13 19:55:30 [notice] 1#1: worker process 35 exited with code 0
2025/03/13 19:55:30 [notice] 1#1: worker process 36 exited with code 0
2025/03/13 19:55:30 [notice] 1#1: worker process 37 exited with code 0
2025/03/13 19:55:30 [notice] 1#1: worker process 40 exited with code 0
2025/03/13 19:55:30 [notice] 1#1: signal 29 (SIGIO) received
2025/03/13 19:55:30 [notice] 1#1: signal 17 (SIGCHLD) received from 35
2025/03/13 19:55:30 [notice] 1#1: signal 17 (SIGCHLD) received from 38
2025/03/13 19:55:30 [notice] 1#1: worker process 33 exited with code 0
2025/03/13 19:55:30 [notice] 1#1: worker process 38 exited with code 0
2025/03/13 19:55:30 [notice] 1#1: exit
2025/03/13 20:03:29 [notice] 1#1: using the "epoll" event method
2025/03/13 20:03:29 [notice] 1#1: nginx/1.27.4
2025/03/13 20:03:29 [notice] 1#1: built by gcc 14.2.0 (Alpine 14.2.0) 
2025/03/13 20:03:29 [notice] 1#1: OS: Linux 6.12.5-linuxkit
2025/03/13 20:03:29 [notice] 1#1: getrlimit(RLIMIT_NOFILE): 1048576:1048576
2025/03/13 20:03:29 [notice] 1#1: start worker processes
2025/03/13 20:03:29 [notice] 1#1: start worker process 29
2025/03/13 20:03:29 [notice] 1#1: start worker process 30
2025/03/13 20:03:29 [notice] 1#1: start worker process 31
2025/03/13 20:03:29 [notice] 1#1: start worker process 32
2025/03/13 20:03:29 [notice] 1#1: start worker process 33
2025/03/13 20:03:29 [notice] 1#1: start worker process 34
2025/03/13 20:03:29 [notice] 1#1: start worker process 35
2025/03/13 20:03:29 [notice] 1#1: start worker process 36
2025/03/13 20:03:29 [notice] 1#1: start worker process 37
2025/03/13 20:03:29 [notice] 1#1: start worker process 38
2025/03/13 20:03:29 [notice] 1#1: start worker process 39
2025/03/13 20:03:29 [notice] 1#1: start worker process 40
2025/03/13 20:03:49 [error] 29#29: *1 connect() failed (111: Connection refused) while connecting to upstream, client: 192.168.65.1, server: , request: "GET / HTTP/1.1", upstream: "fastcgi://172.18.0.4:9000", host: "localhost:8080"
2025/03/13 20:04:23 [notice] 1#1: signal 3 (SIGQUIT) received, shutting down
2025/03/13 20:04:23 [notice] 30#30: gracefully shutting down
2025/03/13 20:04:23 [notice] 31#31: gracefully shutting down
2025/03/13 20:04:23 [notice] 31#31: exiting
2025/03/13 20:04:23 [notice] 32#32: gracefully shutting down
2025/03/13 20:04:23 [notice] 32#32: exiting
2025/03/13 20:04:23 [notice] 29#29: gracefully shutting down
2025/03/13 20:04:23 [notice] 33#33: gracefully shutting down
2025/03/13 20:04:23 [notice] 35#35: gracefully shutting down
2025/03/13 20:04:23 [notice] 35#35: exiting
2025/03/13 20:04:23 [notice] 34#34: gracefully shutting down
2025/03/13 20:04:23 [notice] 34#34: exiting
2025/03/13 20:04:23 [notice] 39#39: gracefully shutting down
2025/03/13 20:04:23 [notice] 36#36: gracefully shutting down
2025/03/13 20:04:23 [notice] 37#37: gracefully shutting down
2025/03/13 20:04:23 [notice] 37#37: exiting
2025/03/13 20:04:23 [notice] 38#38: gracefully shutting down
2025/03/13 20:04:23 [notice] 38#38: exiting
2025/03/13 20:04:23 [notice] 40#40: gracefully shutting down
2025/03/13 20:04:23 [notice] 40#40: exiting
2025/03/13 20:04:23 [notice] 31#31: exit
2025/03/13 20:04:23 [notice] 32#32: exit
2025/03/13 20:04:23 [notice] 29#29: exiting
2025/03/13 20:04:23 [notice] 33#33: exiting
2025/03/13 20:04:23 [notice] 35#35: exit
2025/03/13 20:04:23 [notice] 34#34: exit
2025/03/13 20:04:23 [notice] 39#39: exiting
2025/03/13 20:04:23 [notice] 36#36: exiting
2025/03/13 20:04:23 [notice] 39#39: exit
2025/03/13 20:04:23 [notice] 37#37: exit
2025/03/13 20:04:23 [notice] 38#38: exit
2025/03/13 20:04:23 [notice] 40#40: exit
2025/03/13 20:04:23 [notice] 29#29: exit
2025/03/13 20:04:23 [notice] 33#33: exit
2025/03/13 20:04:23 [notice] 36#36: exit
2025/03/13 20:04:23 [notice] 1#1: signal 17 (SIGCHLD) received from 29
2025/03/13 20:04:23 [notice] 1#1: worker process 29 exited with code 0
2025/03/13 20:04:23 [notice] 1#1: worker process 33 exited with code 0
2025/03/13 20:04:23 [notice] 1#1: worker process 36 exited with code 0
2025/03/13 20:04:23 [notice] 1#1: worker process 39 exited with code 0
2025/03/13 20:04:23 [notice] 1#1: signal 29 (SIGIO) received
2025/03/13 20:04:23 [notice] 1#1: signal 17 (SIGCHLD) received from 39
2025/03/13 20:04:23 [notice] 1#1: signal 17 (SIGCHLD) received from 32
2025/03/13 20:04:23 [notice] 1#1: worker process 32 exited with code 0
2025/03/13 20:04:23 [notice] 1#1: worker process 35 exited with code 0
2025/03/13 20:04:23 [notice] 1#1: worker process 38 exited with code 0
2025/03/13 20:04:23 [notice] 1#1: worker process 40 exited with code 0
2025/03/13 20:04:23 [notice] 1#1: signal 29 (SIGIO) received
2025/03/13 20:04:23 [notice] 1#1: signal 17 (SIGCHLD) received from 40
2025/03/13 20:04:23 [notice] 1#1: signal 17 (SIGCHLD) received from 37
2025/03/13 20:04:23 [notice] 1#1: worker process 31 exited with code 0
2025/03/13 20:04:23 [notice] 1#1: worker process 34 exited with code 0
2025/03/13 20:04:23 [notice] 1#1: worker process 37 exited with code 0
2025/03/13 20:04:23 [notice] 1#1: signal 29 (SIGIO) received
2025/03/13 20:04:23 [notice] 1#1: signal 17 (SIGCHLD) received from 31
2025/03/13 20:07:36 [notice] 1#1: using the "epoll" event method
2025/03/13 20:07:36 [notice] 1#1: nginx/1.27.4
2025/03/13 20:07:36 [notice] 1#1: built by gcc 14.2.0 (Alpine 14.2.0) 
2025/03/13 20:07:36 [notice] 1#1: OS: Linux 6.12.5-linuxkit
2025/03/13 20:07:36 [notice] 1#1: getrlimit(RLIMIT_NOFILE): 1048576:1048576
2025/03/13 20:07:36 [notice] 1#1: start worker processes
2025/03/13 20:07:36 [notice] 1#1: start worker process 29
2025/03/13 20:07:36 [notice] 1#1: start worker process 30
2025/03/13 20:07:36 [notice] 1#1: start worker process 31
2025/03/13 20:07:36 [notice] 1#1: start worker process 32
2025/03/13 20:07:36 [notice] 1#1: start worker process 33
2025/03/13 20:07:36 [notice] 1#1: start worker process 34
2025/03/13 20:07:36 [notice] 1#1: start worker process 35
2025/03/13 20:07:36 [notice] 1#1: start worker process 36
2025/03/13 20:07:36 [notice] 1#1: start worker process 37
2025/03/13 20:07:36 [notice] 1#1: start worker process 38
2025/03/13 20:07:36 [notice] 1#1: start worker process 39
2025/03/13 20:07:36 [notice] 1#1: start worker process 40
2025/03/13 20:08:08 [error] 29#29: *1 connect() failed (111: Connection refused) while connecting to upstream, client: 192.168.65.1, server: , request: "GET / HTTP/1.1", upstream: "fastcgi://172.18.0.4:9000", host: "localhost:8080"
2025/03/13 20:08:10 [error] 29#29: *1 connect() failed (111: Connection refused) while connecting to upstream, client: 192.168.65.1, server: , request: "GET / HTTP/1.1", upstream: "fastcgi://172.18.0.4:9000", host: "localhost:8080"
2025/03/13 20:08:27 [error] 29#29: *1 connect() failed (111: Connection refused) while connecting to upstream, client: 192.168.65.1, server: , request: "GET / HTTP/1.1", upstream: "fastcgi://172.18.0.4:9000", host: "localhost:8080"
2025/03/13 20:08:28 [error] 29#29: *1 connect() failed (111: Connection refused) while connecting to upstream, client: 192.168.65.1, server: , request: "GET / HTTP/1.1", upstream: "fastcgi://172.18.0.4:9000", host: "localhost:8080"
2025/03/13 20:08:28 [error] 29#29: *1 connect() failed (111: Connection refused) while connecting to upstream, client: 192.168.65.1, server: , request: "GET / HTTP/1.1", upstream: "fastcgi://172.18.0.4:9000", host: "localhost:8080"
2025/03/13 20:08:28 [error] 29#29: *1 connect() failed (111: Connection refused) while connecting to upstream, client: 192.168.65.1, server: , request: "GET / HTTP/1.1", upstream: "fastcgi://172.18.0.4:9000", host: "localhost:8080"
2025/03/13 20:08:29 [error] 29#29: *1 connect() failed (111: Connection refused) while connecting to upstream, client: 192.168.65.1, server: , request: "GET / HTTP/1.1", upstream: "fastcgi://172.18.0.4:9000", host: "localhost:8080"
2025/03/13 20:09:17 [notice] 1#1: signal 3 (SIGQUIT) received, shutting down
2025/03/13 20:09:17 [notice] 29#29: gracefully shutting down
2025/03/13 20:09:17 [notice] 38#38: gracefully shutting down
2025/03/13 20:09:17 [notice] 30#30: gracefully shutting down
2025/03/13 20:09:17 [notice] 30#30: exiting
2025/03/13 20:09:17 [notice] 31#31: gracefully shutting down
2025/03/13 20:09:17 [notice] 31#31: exiting
2025/03/13 20:09:17 [notice] 37#37: gracefully shutting down
2025/03/13 20:09:17 [notice] 32#32: gracefully shutting down
2025/03/13 20:09:17 [notice] 32#32: exiting
2025/03/13 20:09:17 [notice] 36#36: gracefully shutting down
2025/03/13 20:09:17 [notice] 33#33: gracefully shutting down
2025/03/13 20:09:17 [notice] 33#33: exiting
2025/03/13 20:09:17 [notice] 34#34: gracefully shutting down
2025/03/13 20:09:17 [notice] 34#34: exiting
2025/03/13 20:09:17 [notice] 35#35: gracefully shutting down
2025/03/13 20:09:17 [notice] 35#35: exiting
2025/03/13 20:09:17 [notice] 39#39: gracefully shutting down
2025/03/13 20:09:17 [notice] 39#39: exiting
2025/03/13 20:09:17 [notice] 40#40: gracefully shutting down
2025/03/13 20:09:17 [notice] 29#29: exiting
2025/03/13 20:09:17 [notice] 38#38: exiting
2025/03/13 20:09:17 [notice] 30#30: exit
2025/03/13 20:09:17 [notice] 31#31: exit
2025/03/13 20:09:17 [notice] 37#37: exiting
2025/03/13 20:09:17 [notice] 32#32: exit
2025/03/13 20:09:17 [notice] 36#36: exiting
2025/03/13 20:09:17 [notice] 33#33: exit
2025/03/13 20:09:17 [notice] 34#34: exit
2025/03/13 20:09:17 [notice] 35#35: exit
2025/03/13 20:09:17 [notice] 39#39: exit
2025/03/13 20:09:17 [notice] 40#40: exiting
2025/03/13 20:09:17 [notice] 29#29: exit
2025/03/13 20:09:17 [notice] 40#40: exit
2025/03/13 20:09:17 [notice] 38#38: exit
2025/03/13 20:09:17 [notice] 37#37: exit
2025/03/13 20:09:17 [notice] 36#36: exit
2025/03/13 20:09:17 [notice] 1#1: signal 17 (SIGCHLD) received from 32
2025/03/13 20:09:17 [notice] 1#1: worker process 32 exited with code 0
2025/03/13 20:09:17 [notice] 1#1: signal 29 (SIGIO) received
2025/03/13 20:09:17 [notice] 1#1: signal 17 (SIGCHLD) received from 39
2025/03/13 20:09:17 [notice] 1#1: worker process 30 exited with code 0
2025/03/13 20:09:17 [notice] 1#1: worker process 39 exited with code 0
2025/03/13 20:09:17 [notice] 1#1: signal 29 (SIGIO) received
2025/03/13 20:09:17 [notice] 1#1: signal 17 (SIGCHLD) received from 37
2025/03/13 20:09:17 [notice] 1#1: worker process 31 exited with code 0
2025/03/13 20:09:17 [notice] 1#1: worker process 37 exited with code 0
2025/03/13 20:09:17 [notice] 1#1: signal 29 (SIGIO) received
2025/03/13 20:09:17 [notice] 1#1: signal 17 (SIGCHLD) received from 31
2025/03/13 20:09:17 [notice] 1#1: signal 17 (SIGCHLD) received from 29
2025/03/13 20:09:17 [notice] 1#1: worker process 29 exited with code 0
2025/03/13 20:09:17 [notice] 1#1: worker process 33 exited with code 0
2025/03/13 20:09:17 [notice] 1#1: worker process 34 exited with code 0
2025/03/13 20:09:17 [notice] 1#1: worker process 35 exited with code 0
2025/03/13 20:09:17 [notice] 1#1: worker process 36 exited with code 0
2025/03/13 20:09:17 [notice] 1#1: worker process 38 exited with code 0
2025/03/13 20:09:17 [notice] 1#1: worker process 40 exited with code 0
2025/03/13 20:09:17 [notice] 1#1: exit
2025/03/13 20:10:01 [notice] 1#1: using the "epoll" event method
2025/03/13 20:10:01 [notice] 1#1: nginx/1.27.4
2025/03/13 20:10:01 [notice] 1#1: built by gcc 14.2.0 (Alpine 14.2.0) 
2025/03/13 20:10:01 [notice] 1#1: OS: Linux 6.12.5-linuxkit
2025/03/13 20:10:01 [notice] 1#1: getrlimit(RLIMIT_NOFILE): 1048576:1048576
2025/03/13 20:10:01 [notice] 1#1: start worker processes
2025/03/13 20:10:01 [notice] 1#1: start worker process 29
2025/03/13 20:10:01 [notice] 1#1: start worker process 30
2025/03/13 20:10:01 [notice] 1#1: start worker process 31
2025/03/13 20:10:01 [notice] 1#1: start worker process 32
2025/03/13 20:10:01 [notice] 1#1: start worker process 33
2025/03/13 20:10:01 [notice] 1#1: start worker process 34
2025/03/13 20:10:01 [notice] 1#1: start worker process 35
2025/03/13 20:10:01 [notice] 1#1: start worker process 36
2025/03/13 20:10:01 [notice] 1#1: start worker process 37
2025/03/13 20:10:01 [notice] 1#1: start worker process 38
2025/03/13 20:10:01 [notice] 1#1: start worker process 39
2025/03/13 20:10:01 [notice] 1#1: start worker process 40
2025/03/13 20:16:20 [notice] 1#1: signal 3 (SIGQUIT) received, shutting down
2025/03/13 20:16:20 [notice] 29#29: gracefully shutting down
2025/03/13 20:16:20 [notice] 30#30: gracefully shutting down
2025/03/13 20:16:20 [notice] 31#31: gracefully shutting down
2025/03/13 20:16:20 [notice] 31#31: exiting
2025/03/13 20:16:20 [notice] 33#33: gracefully shutting down
2025/03/13 20:16:20 [notice] 33#33: exiting
2025/03/13 20:16:20 [notice] 32#32: gracefully shutting down
2025/03/13 20:16:20 [notice] 34#34: gracefully shutting down
2025/03/13 20:16:20 [notice] 36#36: gracefully shutting down
2025/03/13 20:16:20 [notice] 37#37: gracefully shutting down
2025/03/13 20:16:20 [notice] 37#37: exiting
2025/03/13 20:16:20 [notice] 38#38: gracefully shutting down
2025/03/13 20:16:20 [notice] 35#35: gracefully shutting down
2025/03/13 20:16:20 [notice] 39#39: gracefully shutting down
2025/03/13 20:16:20 [notice] 40#40: gracefully shutting down
2025/03/13 20:16:20 [notice] 29#29: exiting
2025/03/13 20:16:20 [notice] 30#30: exiting
2025/03/13 20:16:20 [notice] 31#31: exit
2025/03/13 20:16:20 [notice] 30#30: exit
2025/03/13 20:16:20 [notice] 33#33: exit
2025/03/13 20:16:20 [notice] 32#32: exiting
2025/03/13 20:16:20 [notice] 34#34: exiting
2025/03/13 20:16:20 [notice] 36#36: exiting
2025/03/13 20:16:20 [notice] 34#34: exit
2025/03/13 20:16:20 [notice] 37#37: exit
2025/03/13 20:16:20 [notice] 38#38: exiting
2025/03/13 20:16:20 [notice] 35#35: exiting
2025/03/13 20:16:20 [notice] 39#39: exiting
2025/03/13 20:16:20 [notice] 35#35: exit
2025/03/13 20:16:20 [notice] 40#40: exiting
2025/03/13 20:16:20 [notice] 29#29: exit
2025/03/13 20:16:20 [notice] 40#40: exit
2025/03/13 20:16:20 [notice] 32#32: exit
2025/03/13 20:16:20 [notice] 36#36: exit
2025/03/13 20:16:20 [notice] 38#38: exit
2025/03/13 20:16:20 [notice] 39#39: exit
2025/03/13 20:16:20 [notice] 1#1: signal 17 (SIGCHLD) received from 34
2025/03/13 20:16:20 [notice] 1#1: worker process 34 exited with code 0
2025/03/13 20:16:20 [notice] 1#1: signal 29 (SIGIO) received
2025/03/13 20:16:20 [notice] 1#1: signal 17 (SIGCHLD) received from 30
2025/03/13 20:16:20 [notice] 1#1: worker process 30 exited with code 0
2025/03/13 20:16:20 [notice] 1#1: worker process 33 exited with code 0
2025/03/13 20:16:20 [notice] 1#1: worker process 35 exited with code 0
2025/03/13 20:16:20 [notice] 1#1: worker process 38 exited with code 0
2025/03/13 20:16:20 [notice] 1#1: signal 29 (SIGIO) received
2025/03/13 20:16:20 [notice] 1#1: signal 17 (SIGCHLD) received from 33
2025/03/13 20:16:20 [notice] 1#1: signal 17 (SIGCHLD) received from 40
2025/03/13 20:16:20 [notice] 1#1: worker process 32 exited with code 0
2025/03/13 20:16:20 [notice] 1#1: worker process 39 exited with code 0
2025/03/13 20:16:20 [notice] 1#1: worker process 40 exited with code 0
2025/03/13 20:16:20 [notice] 1#1: signal 29 (SIGIO) received
2025/03/13 20:16:20 [notice] 1#1: signal 17 (SIGCHLD) received from 39
2025/03/13 20:16:20 [notice] 1#1: signal 17 (SIGCHLD) received from 37
2025/03/13 20:16:20 [notice] 1#1: worker process 29 exited with code 0
2025/03/13 20:16:20 [notice] 1#1: worker process 31 exited with code 0
2025/03/13 20:16:20 [notice] 1#1: worker process 36 exited with code 0
2025/03/13 20:16:20 [notice] 1#1: worker process 37 exited with code 0
2025/03/13 20:16:20 [notice] 1#1: exit
2025/03/13 20:20:22 [notice] 1#1: using the "epoll" event method
2025/03/13 20:20:22 [notice] 1#1: nginx/1.27.4
2025/03/13 20:20:22 [notice] 1#1: built by gcc 14.2.0 (Alpine 14.2.0) 
2025/03/13 20:20:22 [notice] 1#1: OS: Linux 6.12.5-linuxkit
2025/03/13 20:20:22 [notice] 1#1: getrlimit(RLIMIT_NOFILE): 1048576:1048576
2025/03/13 20:20:22 [notice] 1#1: start worker processes
2025/03/13 20:20:22 [notice] 1#1: start worker process 29
2025/03/13 20:20:22 [notice] 1#1: start worker process 30
2025/03/13 20:20:22 [notice] 1#1: start worker process 31
2025/03/13 20:20:22 [notice] 1#1: start worker process 32
2025/03/13 20:20:22 [notice] 1#1: start worker process 33
2025/03/13 20:20:22 [notice] 1#1: start worker process 34
2025/03/13 20:20:22 [notice] 1#1: start worker process 35
2025/03/13 20:20:22 [notice] 1#1: start worker process 36
2025/03/13 20:20:22 [notice] 1#1: start worker process 37
2025/03/13 20:20:22 [notice] 1#1: start worker process 38
2025/03/13 20:20:22 [notice] 1#1: start worker process 39
2025/03/13 20:20:22 [notice] 1#1: start worker process 40
2025/03/13 20:20:34 [error] 29#29: *1 connect() failed (111: Connection refused) while connecting to upstream, client: 192.168.65.1, server: , request: "GET / HTTP/1.1", upstream: "fastcgi://172.18.0.4:9000", host: "localhost:8080"
2025/03/13 20:20:35 [error] 29#29: *1 connect() failed (111: Connection refused) while connecting to upstream, client: 192.168.65.1, server: , request: "GET / HTTP/1.1", upstream: "fastcgi://172.18.0.4:9000", host: "localhost:8080"
2025/03/13 20:20:35 [error] 29#29: *1 connect() failed (111: Connection refused) while connecting to upstream, client: 192.168.65.1, server: , request: "GET / HTTP/1.1", upstream: "fastcgi://172.18.0.4:9000", host: "localhost:8080"
2025/03/13 20:20:36 [error] 29#29: *1 connect() failed (111: Connection refused) while connecting to upstream, client: 192.168.65.1, server: , request: "GET / HTTP/1.1", upstream: "fastcgi://172.18.0.4:9000", host: "localhost:8080"
2025/03/13 20:20:36 [error] 29#29: *1 connect() failed (111: Connection refused) while connecting to upstream, client: 192.168.65.1, server: , request: "GET / HTTP/1.1", upstream: "fastcgi://172.18.0.4:9000", host: "localhost:8080"
2025/03/13 20:20:36 [error] 29#29: *1 connect() failed (111: Connection refused) while connecting to upstream, client: 192.168.65.1, server: , request: "GET / HTTP/1.1", upstream: "fastcgi://172.18.0.4:9000", host: "localhost:8080"
2025/03/13 20:21:01 [error] 29#29: *1 connect() failed (111: Connection refused) while connecting to upstream, client: 192.168.65.1, server: , request: "GET / HTTP/1.1", upstream: "fastcgi://172.18.0.4:9000", host: "localhost:8080"
2025/03/13 20:27:55 [notice] 1#1: signal 3 (SIGQUIT) received, shutting down
2025/03/13 20:27:55 [notice] 29#29: gracefully shutting down
2025/03/13 20:27:55 [notice] 35#35: gracefully shutting down
2025/03/13 20:27:55 [notice] 30#30: gracefully shutting down
2025/03/13 20:27:55 [notice] 31#31: gracefully shutting down
2025/03/13 20:27:55 [notice] 34#34: gracefully shutting down
2025/03/13 20:27:55 [notice] 33#33: gracefully shutting down
2025/03/13 20:27:55 [notice] 33#33: exiting
2025/03/13 20:27:55 [notice] 32#32: gracefully shutting down
2025/03/13 20:27:55 [notice] 29#29: exiting
2025/03/13 20:27:55 [notice] 36#36: gracefully shutting down
2025/03/13 20:27:55 [notice] 29#29: exit
2025/03/13 20:27:55 [notice] 38#38: gracefully shutting down
2025/03/13 20:27:55 [notice] 39#39: gracefully shutting down
2025/03/13 20:27:55 [notice] 37#37: gracefully shutting down
2025/03/13 20:27:55 [notice] 37#37: exiting
2025/03/13 20:27:55 [notice] 35#35: exiting
2025/03/13 20:27:55 [notice] 37#37: exit
2025/03/13 20:27:55 [notice] 40#40: gracefully shutting down
2025/03/13 20:27:55 [notice] 30#30: exiting
2025/03/13 20:27:55 [notice] 31#31: exiting
2025/03/13 20:27:55 [notice] 30#30: exit
2025/03/13 20:27:55 [notice] 34#34: exiting
2025/03/13 20:27:55 [notice] 32#32: exiting
2025/03/13 20:27:55 [notice] 33#33: exit
2025/03/13 20:27:55 [notice] 36#36: exiting
2025/03/13 20:27:55 [notice] 38#38: exiting
2025/03/13 20:27:55 [notice] 39#39: exiting
2025/03/13 20:27:55 [notice] 35#35: exit
2025/03/13 20:27:55 [notice] 39#39: exit
2025/03/13 20:27:55 [notice] 40#40: exiting
2025/03/13 20:27:55 [notice] 31#31: exit
2025/03/13 20:27:55 [notice] 34#34: exit
2025/03/13 20:27:55 [notice] 32#32: exit
2025/03/13 20:27:55 [notice] 36#36: exit
2025/03/13 20:27:55 [notice] 38#38: exit
2025/03/13 20:27:55 [notice] 40#40: exit
2025/03/13 20:27:56 [notice] 1#1: signal 17 (SIGCHLD) received from 37
2025/03/13 20:27:56 [notice] 1#1: worker process 37 exited with code 0
2025/03/13 20:27:56 [notice] 1#1: signal 29 (SIGIO) received
2025/03/13 20:27:56 [notice] 1#1: signal 17 (SIGCHLD) received from 40
2025/03/13 20:27:56 [notice] 1#1: worker process 29 exited with code 0
2025/03/13 20:27:56 [notice] 1#1: worker process 30 exited with code 0
2025/03/13 20:27:56 [notice] 1#1: worker process 36 exited with code 0
2025/03/13 20:27:56 [notice] 1#1: worker process 38 exited with code 0
2025/03/13 20:27:56 [notice] 1#1: worker process 40 exited with code 0
2025/03/13 20:27:56 [notice] 1#1: signal 29 (SIGIO) received
2025/03/13 20:27:56 [notice] 1#1: signal 17 (SIGCHLD) received from 30
2025/03/13 20:27:56 [notice] 1#1: signal 17 (SIGCHLD) received from 39
2025/03/13 20:27:56 [notice] 1#1: worker process 31 exited with code 0
2025/03/13 20:27:56 [notice] 1#1: worker process 33 exited with code 0
2025/03/13 20:27:56 [notice] 1#1: worker process 39 exited with code 0
2025/03/13 20:27:56 [notice] 1#1: signal 29 (SIGIO) received
2025/03/13 20:27:56 [notice] 1#1: signal 17 (SIGCHLD) received from 33
2025/03/13 20:27:56 [notice] 1#1: signal 17 (SIGCHLD) received from 32
2025/03/13 20:27:56 [notice] 1#1: worker process 32 exited with code 0
2025/03/13 20:27:56 [notice] 1#1: worker process 34 exited with code 0
2025/03/13 20:27:56 [notice] 1#1: worker process 35 exited with code 0
2025/03/13 20:27:56 [notice] 1#1: exit
2025/03/13 20:46:47 [notice] 1#1: using the "epoll" event method
2025/03/13 20:46:47 [notice] 1#1: nginx/1.27.4
2025/03/13 20:46:47 [notice] 1#1: built by gcc 14.2.0 (Alpine 14.2.0) 
2025/03/13 20:46:47 [notice] 1#1: OS: Linux 6.12.5-linuxkit
2025/03/13 20:46:47 [notice] 1#1: getrlimit(RLIMIT_NOFILE): 1048576:1048576
2025/03/13 20:46:47 [notice] 1#1: start worker processes
2025/03/13 20:46:47 [notice] 1#1: start worker process 29
2025/03/13 20:46:47 [notice] 1#1: start worker process 30
2025/03/13 20:46:47 [notice] 1#1: start worker process 31
2025/03/13 20:46:47 [notice] 1#1: start worker process 32
2025/03/13 20:46:47 [notice] 1#1: start worker process 33
2025/03/13 20:46:47 [notice] 1#1: start worker process 34
2025/03/13 20:46:47 [notice] 1#1: start worker process 35
2025/03/13 20:46:47 [notice] 1#1: start worker process 36
2025/03/13 20:46:47 [notice] 1#1: start worker process 37
2025/03/13 20:46:47 [notice] 1#1: start worker process 38
2025/03/13 20:46:47 [notice] 1#1: start worker process 39
2025/03/13 20:46:47 [notice] 1#1: start worker process 40
2025/03/13 20:46:56 [error] 29#29: *1 connect() failed (111: Connection refused) while connecting to upstream, client: 192.168.65.1, server: , request: "GET / HTTP/1.1", upstream: "fastcgi://172.18.0.4:9000", host: "localhost:8080"
2025/03/13 20:48:16 [notice] 1#1: signal 3 (SIGQUIT) received, shutting down
2025/03/13 20:48:16 [notice] 29#29: gracefully shutting down
2025/03/13 20:48:16 [notice] 39#39: gracefully shutting down
2025/03/13 20:48:16 [notice] 30#30: gracefully shutting down
2025/03/13 20:48:16 [notice] 30#30: exiting
2025/03/13 20:48:16 [notice] 32#32: gracefully shutting down
2025/03/13 20:48:16 [notice] 32#32: exiting
2025/03/13 20:48:16 [notice] 33#33: gracefully shutting down
2025/03/13 20:48:16 [notice] 33#33: exiting
2025/03/13 20:48:16 [notice] 36#36: gracefully shutting down
2025/03/13 20:48:16 [notice] 36#36: exiting
2025/03/13 20:48:16 [notice] 34#34: gracefully shutting down
2025/03/13 20:48:16 [notice] 34#34: exiting
2025/03/13 20:48:16 [notice] 35#35: gracefully shutting down
2025/03/13 20:48:16 [notice] 35#35: exiting
2025/03/13 20:48:16 [notice] 31#31: gracefully shutting down
2025/03/13 20:48:16 [notice] 31#31: exiting
2025/03/13 20:48:16 [notice] 38#38: gracefully shutting down
2025/03/13 20:48:16 [notice] 38#38: exiting
2025/03/13 20:48:16 [notice] 40#40: gracefully shutting down
2025/03/13 20:48:16 [notice] 40#40: exiting
2025/03/13 20:48:16 [notice] 37#37: gracefully shutting down
2025/03/13 20:48:16 [notice] 40#40: exit
2025/03/13 20:48:16 [notice] 29#29: exiting
2025/03/13 20:48:16 [notice] 39#39: exiting
2025/03/13 20:48:16 [notice] 30#30: exit
2025/03/13 20:48:16 [notice] 32#32: exit
2025/03/13 20:48:16 [notice] 33#33: exit
2025/03/13 20:48:16 [notice] 36#36: exit
2025/03/13 20:48:16 [notice] 34#34: exit
2025/03/13 20:48:16 [notice] 35#35: exit
2025/03/13 20:48:16 [notice] 31#31: exit
2025/03/13 20:48:16 [notice] 38#38: exit
2025/03/13 20:48:16 [notice] 37#37: exiting
2025/03/13 20:48:16 [notice] 29#29: exit
2025/03/13 20:48:16 [notice] 39#39: exit
2025/03/13 20:48:16 [notice] 37#37: exit
2025/03/13 20:48:16 [notice] 1#1: signal 17 (SIGCHLD) received from 40
2025/03/13 20:48:16 [notice] 1#1: worker process 40 exited with code 0
2025/03/13 20:48:16 [notice] 1#1: signal 29 (SIGIO) received
2025/03/13 20:48:16 [notice] 1#1: signal 17 (SIGCHLD) received from 34
2025/03/13 20:48:16 [notice] 1#1: worker process 34 exited with code 0
2025/03/13 20:48:16 [notice] 1#1: worker process 37 exited with code 0
2025/03/13 20:48:16 [notice] 1#1: signal 29 (SIGIO) received
2025/03/13 20:48:17 [notice] 1#1: signal 17 (SIGCHLD) received from 36
2025/03/13 20:48:17 [notice] 1#1: worker process 31 exited with code 0
2025/03/13 20:48:17 [notice] 1#1: worker process 33 exited with code 0
2025/03/13 20:48:17 [notice] 1#1: worker process 36 exited with code 0
2025/03/13 20:48:17 [notice] 1#1: signal 29 (SIGIO) received
2025/03/13 20:48:17 [notice] 1#1: signal 17 (SIGCHLD) received from 33
2025/03/13 20:48:17 [notice] 1#1: signal 17 (SIGCHLD) received from 38
2025/03/13 20:48:17 [notice] 1#1: worker process 30 exited with code 0
2025/03/13 20:48:17 [notice] 1#1: worker process 38 exited with code 0
2025/03/13 20:48:17 [notice] 1#1: worker process 29 exited with code 0
2025/03/13 20:48:17 [notice] 1#1: worker process 32 exited with code 0
2025/03/13 20:48:17 [notice] 1#1: signal 17 (SIGCHLD) received from 30
2025/03/13 20:48:17 [notice] 1#1: worker process 35 exited with code 0
2025/03/13 20:48:17 [notice] 1#1: worker process 39 exited with code 0
2025/03/13 20:48:17 [notice] 1#1: exit
2025/03/13 20:48:17 [notice] 1#1: using the "epoll" event method
2025/03/13 20:48:17 [notice] 1#1: nginx/1.27.4
2025/03/13 20:48:17 [notice] 1#1: built by gcc 14.2.0 (Alpine 14.2.0) 
2025/03/13 20:48:17 [notice] 1#1: OS: Linux 6.12.5-linuxkit
2025/03/13 20:48:17 [notice] 1#1: getrlimit(RLIMIT_NOFILE): 1048576:1048576
2025/03/13 20:48:17 [notice] 1#1: start worker processes
2025/03/13 20:48:17 [notice] 1#1: start worker process 29
2025/03/13 20:48:17 [notice] 1#1: start worker process 30
2025/03/13 20:48:17 [notice] 1#1: start worker process 31
2025/03/13 20:48:17 [notice] 1#1: start worker process 32
2025/03/13 20:48:17 [notice] 1#1: start worker process 33
2025/03/13 20:48:17 [notice] 1#1: start worker process 34
2025/03/13 20:48:17 [notice] 1#1: start worker process 35
2025/03/13 20:48:17 [notice] 1#1: start worker process 36
2025/03/13 20:48:17 [notice] 1#1: start worker process 37
2025/03/13 20:48:17 [notice] 1#1: start worker process 38
2025/03/13 20:48:17 [notice] 1#1: start worker process 39
2025/03/13 20:48:17 [notice] 1#1: start worker process 40
2025/03/13 20:50:14 [notice] 1#1: signal 3 (SIGQUIT) received, shutting down
2025/03/13 20:50:14 [notice] 29#29: gracefully shutting down
2025/03/13 20:50:14 [notice] 38#38: gracefully shutting down
2025/03/13 20:50:14 [notice] 30#30: gracefully shutting down
2025/03/13 20:50:14 [notice] 30#30: exiting
2025/03/13 20:50:14 [notice] 32#32: gracefully shutting down
2025/03/13 20:50:14 [notice] 33#33: gracefully shutting down
2025/03/13 20:50:14 [notice] 33#33: exiting
2025/03/13 20:50:14 [notice] 31#31: gracefully shutting down
2025/03/13 20:50:14 [notice] 31#31: exiting
2025/03/13 20:50:14 [notice] 39#39: gracefully shutting down
2025/03/13 20:50:14 [notice] 37#37: gracefully shutting down
2025/03/13 20:50:14 [notice] 37#37: exiting
2025/03/13 20:50:14 [notice] 34#34: gracefully shutting down
2025/03/13 20:50:14 [notice] 37#37: exit
2025/03/13 20:50:14 [notice] 40#40: gracefully shutting down
2025/03/13 20:50:14 [notice] 40#40: exiting
2025/03/13 20:50:14 [notice] 35#35: gracefully shutting down
2025/03/13 20:50:14 [notice] 35#35: exiting
2025/03/13 20:50:14 [notice] 36#36: gracefully shutting down
2025/03/13 20:50:14 [notice] 35#35: exit
2025/03/13 20:50:14 [notice] 29#29: exiting
2025/03/13 20:50:14 [notice] 38#38: exiting
2025/03/13 20:50:14 [notice] 30#30: exit
2025/03/13 20:50:14 [notice] 32#32: exiting
2025/03/13 20:50:14 [notice] 33#33: exit
2025/03/13 20:50:14 [notice] 31#31: exit
2025/03/13 20:50:14 [notice] 39#39: exiting
2025/03/13 20:50:14 [notice] 34#34: exiting
2025/03/13 20:50:14 [notice] 40#40: exit
2025/03/13 20:50:14 [notice] 34#34: exit
2025/03/13 20:50:14 [notice] 36#36: exiting
2025/03/13 20:50:14 [notice] 29#29: exit
2025/03/13 20:50:14 [notice] 38#38: exit
2025/03/13 20:50:14 [notice] 32#32: exit
2025/03/13 20:50:14 [notice] 39#39: exit
2025/03/13 20:50:14 [notice] 36#36: exit
2025/03/13 20:50:14 [notice] 1#1: signal 17 (SIGCHLD) received from 38
2025/03/13 20:50:14 [notice] 1#1: worker process 38 exited with code 0
2025/03/13 20:50:14 [notice] 1#1: signal 29 (SIGIO) received
2025/03/13 20:50:14 [notice] 1#1: signal 17 (SIGCHLD) received from 37
2025/03/13 20:50:14 [notice] 1#1: worker process 32 exited with code 0
2025/03/13 20:50:14 [notice] 1#1: worker process 37 exited with code 0
2025/03/13 20:50:14 [notice] 1#1: signal 29 (SIGIO) received
2025/03/13 20:50:14 [notice] 1#1: signal 17 (SIGCHLD) received from 32
2025/03/13 20:50:14 [notice] 1#1: signal 17 (SIGCHLD) received from 35
2025/03/13 20:50:14 [notice] 1#1: worker process 29 exited with code 0
2025/03/13 20:50:14 [notice] 1#1: worker process 33 exited with code 0
2025/03/13 20:50:14 [notice] 1#1: worker process 35 exited with code 0
2025/03/13 20:50:14 [notice] 1#1: signal 29 (SIGIO) received
2025/03/13 20:50:14 [notice] 1#1: signal 17 (SIGCHLD) received from 29
2025/03/13 20:50:14 [notice] 1#1: signal 17 (SIGCHLD) received from 30
2025/03/13 20:50:14 [notice] 1#1: worker process 30 exited with code 0
2025/03/13 20:50:14 [notice] 1#1: worker process 31 exited with code 0
2025/03/13 20:50:14 [notice] 1#1: worker process 34 exited with code 0
2025/03/13 20:50:14 [notice] 1#1: worker process 36 exited with code 0
2025/03/13 20:50:14 [notice] 1#1: worker process 39 exited with code 0
2025/03/13 20:50:14 [notice] 1#1: worker process 40 exited with code 0
2025/03/13 20:50:14 [notice] 1#1: exit
2025/03/13 20:50:14 [notice] 1#1: using the "epoll" event method
2025/03/13 20:50:14 [notice] 1#1: nginx/1.27.4
2025/03/13 20:50:14 [notice] 1#1: built by gcc 14.2.0 (Alpine 14.2.0) 
2025/03/13 20:50:14 [notice] 1#1: OS: Linux 6.12.5-linuxkit
2025/03/13 20:50:14 [notice] 1#1: getrlimit(RLIMIT_NOFILE): 1048576:1048576
2025/03/13 20:50:14 [notice] 1#1: start worker processes
2025/03/13 20:50:14 [notice] 1#1: start worker process 29
2025/03/13 20:50:14 [notice] 1#1: start worker process 30
2025/03/13 20:50:14 [notice] 1#1: start worker process 31
2025/03/13 20:50:14 [notice] 1#1: start worker process 32
2025/03/13 20:50:14 [notice] 1#1: start worker process 33
2025/03/13 20:50:14 [notice] 1#1: start worker process 34
2025/03/13 20:50:14 [notice] 1#1: start worker process 35
2025/03/13 20:50:14 [notice] 1#1: start worker process 36
2025/03/13 20:50:14 [notice] 1#1: start worker process 37
2025/03/13 20:50:14 [notice] 1#1: start worker process 38
2025/03/13 20:50:14 [notice] 1#1: start worker process 39
2025/03/13 20:50:14 [notice] 1#1: start worker process 40
2025/03/13 20:55:50 [notice] 1#1: signal 3 (SIGQUIT) received, shutting down
2025/03/13 20:55:50 [notice] 29#29: gracefully shutting down
2025/03/13 20:55:50 [notice] 29#29: exiting
2025/03/13 20:55:50 [notice] 36#36: gracefully shutting down
2025/03/13 20:55:50 [notice] 31#31: gracefully shutting down
2025/03/13 20:55:50 [notice] 31#31: exiting
2025/03/13 20:55:50 [notice] 37#37: gracefully shutting down
2025/03/13 20:55:50 [notice] 30#30: gracefully shutting down
2025/03/13 20:55:50 [notice] 33#33: gracefully shutting down
2025/03/13 20:55:50 [notice] 32#32: gracefully shutting down
2025/03/13 20:55:50 [notice] 39#39: gracefully shutting down
2025/03/13 20:55:50 [notice] 38#38: gracefully shutting down
2025/03/13 20:55:50 [notice] 35#35: gracefully shutting down
2025/03/13 20:55:50 [notice] 40#40: gracefully shutting down
2025/03/13 20:55:50 [notice] 34#34: gracefully shutting down
2025/03/13 20:55:50 [notice] 29#29: exit
2025/03/13 20:55:50 [notice] 36#36: exiting
2025/03/13 20:55:50 [notice] 31#31: exit
2025/03/13 20:55:50 [notice] 37#37: exiting
2025/03/13 20:55:50 [notice] 30#30: exiting
2025/03/13 20:55:50 [notice] 33#33: exiting
2025/03/13 20:55:50 [notice] 30#30: exit
2025/03/13 20:55:50 [notice] 32#32: exiting
2025/03/13 20:55:50 [notice] 39#39: exiting
2025/03/13 20:55:50 [notice] 38#38: exiting
2025/03/13 20:55:50 [notice] 35#35: exiting
2025/03/13 20:55:50 [notice] 38#38: exit
2025/03/13 20:55:50 [notice] 40#40: exiting
2025/03/13 20:55:50 [notice] 34#34: exiting
2025/03/13 20:55:50 [notice] 40#40: exit
2025/03/13 20:55:50 [notice] 36#36: exit
2025/03/13 20:55:50 [notice] 37#37: exit
2025/03/13 20:55:50 [notice] 33#33: exit
2025/03/13 20:55:50 [notice] 32#32: exit
2025/03/13 20:55:50 [notice] 39#39: exit
2025/03/13 20:55:50 [notice] 35#35: exit
2025/03/13 20:55:50 [notice] 34#34: exit
2025/03/13 20:55:50 [notice] 1#1: signal 17 (SIGCHLD) received from 35
2025/03/13 20:55:50 [notice] 1#1: worker process 35 exited with code 0
2025/03/13 20:55:50 [notice] 1#1: signal 29 (SIGIO) received
2025/03/13 20:55:50 [notice] 1#1: signal 17 (SIGCHLD) received from 31
2025/03/13 20:55:50 [notice] 1#1: worker process 29 exited with code 0
2025/03/13 20:55:50 [notice] 1#1: worker process 30 exited with code 0
2025/03/13 20:55:50 [notice] 1#1: worker process 31 exited with code 0
2025/03/13 20:55:50 [notice] 1#1: worker process 32 exited with code 0
2025/03/13 20:55:50 [notice] 1#1: worker process 33 exited with code 0
2025/03/13 20:55:50 [notice] 1#1: worker process 34 exited with code 0
2025/03/13 20:55:50 [notice] 1#1: worker process 38 exited with code 0
2025/03/13 20:55:50 [notice] 1#1: worker process 40 exited with code 0
2025/03/13 20:55:50 [notice] 1#1: signal 29 (SIGIO) received
2025/03/13 20:55:50 [notice] 1#1: signal 17 (SIGCHLD) received from 34
2025/03/13 20:55:50 [notice] 1#1: signal 17 (SIGCHLD) received from 39
2025/03/13 20:55:50 [notice] 1#1: worker process 36 exited with code 0
2025/03/13 20:55:50 [notice] 1#1: worker process 37 exited with code 0
2025/03/13 20:55:50 [notice] 1#1: worker process 39 exited with code 0
2025/03/13 20:55:50 [notice] 1#1: exit
2025/03/13 20:55:51 [notice] 1#1: using the "epoll" event method
2025/03/13 20:55:51 [notice] 1#1: nginx/1.27.4
2025/03/13 20:55:51 [notice] 1#1: built by gcc 14.2.0 (Alpine 14.2.0) 
2025/03/13 20:55:51 [notice] 1#1: OS: Linux 6.12.5-linuxkit
2025/03/13 20:55:51 [notice] 1#1: getrlimit(RLIMIT_NOFILE): 1048576:1048576
2025/03/13 20:55:51 [notice] 1#1: start worker processes
2025/03/13 20:55:51 [notice] 1#1: start worker process 29
2025/03/13 20:55:51 [notice] 1#1: start worker process 30
2025/03/13 20:55:51 [notice] 1#1: start worker process 31
2025/03/13 20:55:51 [notice] 1#1: start worker process 32
2025/03/13 20:55:51 [notice] 1#1: start worker process 33
2025/03/13 20:55:51 [notice] 1#1: start worker process 34
2025/03/13 20:55:51 [notice] 1#1: start worker process 35
2025/03/13 20:55:51 [notice] 1#1: start worker process 36
2025/03/13 20:55:51 [notice] 1#1: start worker process 37
2025/03/13 20:55:51 [notice] 1#1: start worker process 38
2025/03/13 20:55:51 [notice] 1#1: start worker process 39
2025/03/13 20:55:51 [notice] 1#1: start worker process 40
2025/03/13 20:56:46 [notice] 1#1: signal 3 (SIGQUIT) received, shutting down
2025/03/13 20:56:46 [notice] 29#29: gracefully shutting down
2025/03/13 20:56:46 [notice] 31#31: gracefully shutting down
2025/03/13 20:56:46 [notice] 31#31: exiting
2025/03/13 20:56:46 [notice] 32#32: gracefully shutting down
2025/03/13 20:56:46 [notice] 30#30: gracefully shutting down
2025/03/13 20:56:46 [notice] 33#33: gracefully shutting down
2025/03/13 20:56:46 [notice] 33#33: exiting
2025/03/13 20:56:46 [notice] 34#34: gracefully shutting down
2025/03/13 20:56:46 [notice] 35#35: gracefully shutting down
2025/03/13 20:56:46 [notice] 36#36: gracefully shutting down
2025/03/13 20:56:46 [notice] 37#37: gracefully shutting down
2025/03/13 20:56:46 [notice] 39#39: gracefully shutting down
2025/03/13 20:56:46 [notice] 38#38: gracefully shutting down
2025/03/13 20:56:46 [notice] 40#40: gracefully shutting down
2025/03/13 20:56:46 [notice] 29#29: exiting
2025/03/13 20:56:46 [notice] 31#31: exit
2025/03/13 20:56:46 [notice] 29#29: exit
2025/03/13 20:56:46 [notice] 32#32: exiting
2025/03/13 20:56:46 [notice] 30#30: exiting
2025/03/13 20:56:46 [notice] 33#33: exit
2025/03/13 20:56:46 [notice] 34#34: exiting
2025/03/13 20:56:46 [notice] 35#35: exiting
2025/03/13 20:56:46 [notice] 36#36: exiting
2025/03/13 20:56:46 [notice] 37#37: exiting
2025/03/13 20:56:46 [notice] 39#39: exiting
2025/03/13 20:56:46 [notice] 38#38: exiting
2025/03/13 20:56:46 [notice] 40#40: exiting
2025/03/13 20:56:46 [notice] 32#32: exit
2025/03/13 20:56:46 [notice] 40#40: exit
2025/03/13 20:56:46 [notice] 30#30: exit
2025/03/13 20:56:46 [notice] 34#34: exit
2025/03/13 20:56:46 [notice] 35#35: exit
2025/03/13 20:56:46 [notice] 36#36: exit
2025/03/13 20:56:46 [notice] 37#37: exit
2025/03/13 20:56:46 [notice] 39#39: exit
2025/03/13 20:56:46 [notice] 38#38: exit
2025/03/13 20:56:46 [notice] 1#1: signal 17 (SIGCHLD) received from 31
2025/03/13 20:56:46 [notice] 1#1: worker process 31 exited with code 0
2025/03/13 20:56:46 [notice] 1#1: worker process 35 exited with code 0
2025/03/13 20:56:46 [notice] 1#1: signal 29 (SIGIO) received
2025/03/13 20:56:46 [notice] 1#1: signal 17 (SIGCHLD) received from 35
2025/03/13 20:56:46 [notice] 1#1: signal 17 (SIGCHLD) received from 34
2025/03/13 20:56:46 [notice] 1#1: worker process 34 exited with code 0
2025/03/13 20:56:46 [notice] 1#1: worker process 36 exited with code 0
2025/03/13 20:56:46 [notice] 1#1: signal 29 (SIGIO) received
2025/03/13 20:56:46 [notice] 1#1: signal 17 (SIGCHLD) received from 37
2025/03/13 20:56:46 [notice] 1#1: worker process 29 exited with code 0
2025/03/13 20:56:46 [notice] 1#1: worker process 37 exited with code 0
2025/03/13 20:56:46 [notice] 1#1: worker process 30 exited with code 0
2025/03/13 20:56:46 [notice] 1#1: worker process 32 exited with code 0
2025/03/13 20:56:46 [notice] 1#1: worker process 38 exited with code 0
2025/03/13 20:56:46 [notice] 1#1: worker process 39 exited with code 0
2025/03/13 20:56:46 [notice] 1#1: signal 29 (SIGIO) received
2025/03/13 20:56:46 [notice] 1#1: signal 17 (SIGCHLD) received from 38
2025/03/13 20:56:46 [notice] 1#1: signal 17 (SIGCHLD) received from 33
2025/03/13 20:56:46 [notice] 1#1: worker process 33 exited with code 0
2025/03/13 20:56:46 [notice] 1#1: worker process 40 exited with code 0
2025/03/13 20:56:46 [notice] 1#1: exit
2025/03/13 20:59:22 [notice] 1#1: using the "epoll" event method
2025/03/13 20:59:22 [notice] 1#1: nginx/1.27.4
2025/03/13 20:59:22 [notice] 1#1: built by gcc 14.2.0 (Alpine 14.2.0) 
2025/03/13 20:59:22 [notice] 1#1: OS: Linux 6.12.5-linuxkit
2025/03/13 20:59:22 [notice] 1#1: getrlimit(RLIMIT_NOFILE): 1048576:1048576
2025/03/13 20:59:22 [notice] 1#1: start worker processes
2025/03/13 20:59:22 [notice] 1#1: start worker process 29
2025/03/13 20:59:22 [notice] 1#1: start worker process 30
2025/03/13 20:59:22 [notice] 1#1: start worker process 31
2025/03/13 20:59:22 [notice] 1#1: start worker process 32
2025/03/13 20:59:22 [notice] 1#1: start worker process 33
2025/03/13 20:59:22 [notice] 1#1: start worker process 34
2025/03/13 20:59:22 [notice] 1#1: start worker process 35
2025/03/13 20:59:22 [notice] 1#1: start worker process 36
2025/03/13 20:59:22 [notice] 1#1: start worker process 37
2025/03/13 20:59:22 [notice] 1#1: start worker process 38
2025/03/13 20:59:22 [notice] 1#1: start worker process 39
2025/03/13 20:59:22 [notice] 1#1: start worker process 40
2025/03/13 20:59:39 [error] 29#29: *1 connect() failed (111: Connection refused) while connecting to upstream, client: 192.168.65.1, server: , request: "GET / HTTP/1.1", upstream: "fastcgi://172.18.0.4:9000", host: "localhost:8080"
2025/03/13 21:04:09 [notice] 1#1: signal 3 (SIGQUIT) received, shutting down
2025/03/13 21:04:09 [notice] 30#30: gracefully shutting down
2025/03/13 21:04:09 [notice] 31#31: gracefully shutting down
2025/03/13 21:04:09 [notice] 38#38: gracefully shutting down
2025/03/13 21:04:09 [notice] 29#29: gracefully shutting down
2025/03/13 21:04:09 [notice] 32#32: gracefully shutting down
2025/03/13 21:04:09 [notice] 33#33: gracefully shutting down
2025/03/13 21:04:09 [notice] 30#30: exiting
2025/03/13 21:04:09 [notice] 34#34: gracefully shutting down
2025/03/13 21:04:09 [notice] 35#35: gracefully shutting down
2025/03/13 21:04:09 [notice] 36#36: gracefully shutting down
2025/03/13 21:04:09 [notice] 37#37: gracefully shutting down
2025/03/13 21:04:09 [notice] 39#39: gracefully shutting down
2025/03/13 21:04:09 [notice] 40#40: gracefully shutting down
2025/03/13 21:04:09 [notice] 31#31: exiting
2025/03/13 21:04:09 [notice] 38#38: exiting
2025/03/13 21:04:09 [notice] 29#29: exiting
2025/03/13 21:04:09 [notice] 31#31: exit
2025/03/13 21:04:09 [notice] 32#32: exiting
2025/03/13 21:04:09 [notice] 33#33: exiting
2025/03/13 21:04:09 [notice] 34#34: exiting
2025/03/13 21:04:09 [notice] 33#33: exit
2025/03/13 21:04:09 [notice] 30#30: exit
2025/03/13 21:04:09 [notice] 35#35: exiting
2025/03/13 21:04:09 [notice] 36#36: exiting
2025/03/13 21:04:09 [notice] 37#37: exiting
2025/03/13 21:04:09 [notice] 39#39: exiting
2025/03/13 21:04:09 [notice] 40#40: exiting
2025/03/13 21:04:09 [notice] 38#38: exit
2025/03/13 21:04:09 [notice] 29#29: exit
2025/03/13 21:04:09 [notice] 32#32: exit
2025/03/13 21:04:09 [notice] 34#34: exit
2025/03/13 21:04:09 [notice] 35#35: exit
2025/03/13 21:04:09 [notice] 36#36: exit
2025/03/13 21:04:09 [notice] 37#37: exit
2025/03/13 21:04:09 [notice] 39#39: exit
2025/03/13 21:04:09 [notice] 40#40: exit
2025/03/13 21:04:09 [notice] 1#1: signal 17 (SIGCHLD) received from 33
2025/03/13 21:04:09 [notice] 1#1: worker process 33 exited with code 0
2025/03/13 21:04:09 [notice] 1#1: signal 29 (SIGIO) received
2025/03/13 21:04:09 [notice] 1#1: signal 17 (SIGCHLD) received from 34
2025/03/13 21:04:09 [notice] 1#1: worker process 32 exited with code 0
2025/03/13 21:04:09 [notice] 1#1: worker process 34 exited with code 0
2025/03/13 21:04:09 [notice] 1#1: signal 29 (SIGIO) received
2025/03/13 21:04:09 [notice] 1#1: signal 17 (SIGCHLD) received from 32
2025/03/13 21:04:09 [notice] 1#1: signal 17 (SIGCHLD) received from 39
2025/03/13 21:04:09 [notice] 1#1: worker process 29 exited with code 0
2025/03/13 21:04:09 [notice] 1#1: worker process 30 exited with code 0
2025/03/13 21:04:09 [notice] 1#1: worker process 31 exited with code 0
2025/03/13 21:04:09 [notice] 1#1: worker process 35 exited with code 0
2025/03/13 21:04:09 [notice] 1#1: worker process 38 exited with code 0
2025/03/13 21:04:09 [notice] 1#1: worker process 39 exited with code 0
2025/03/13 21:04:09 [notice] 1#1: worker process 40 exited with code 0
2025/03/13 21:04:09 [notice] 1#1: signal 29 (SIGIO) received
2025/03/13 21:04:09 [notice] 1#1: signal 17 (SIGCHLD) received from 38
2025/03/13 21:04:09 [notice] 1#1: signal 17 (SIGCHLD) received from 37
2025/03/13 21:04:09 [notice] 1#1: worker process 37 exited with code 0
2025/03/13 21:04:09 [notice] 1#1: signal 29 (SIGIO) received
2025/03/13 21:04:09 [notice] 1#1: signal 17 (SIGCHLD) received from 36
2025/03/13 21:04:09 [notice] 1#1: worker process 36 exited with code 0
2025/03/13 21:04:09 [notice] 1#1: exit
2025/03/13 21:04:22 [notice] 1#1: using the "epoll" event method
2025/03/13 21:04:22 [notice] 1#1: nginx/1.27.4
2025/03/13 21:04:22 [notice] 1#1: built by gcc 14.2.0 (Alpine 14.2.0) 
2025/03/13 21:04:22 [notice] 1#1: OS: Linux 6.12.5-linuxkit
2025/03/13 21:04:22 [notice] 1#1: getrlimit(RLIMIT_NOFILE): 1048576:1048576
2025/03/13 21:04:22 [notice] 1#1: start worker processes
2025/03/13 21:04:22 [notice] 1#1: start worker process 29
2025/03/13 21:04:22 [notice] 1#1: start worker process 30
2025/03/13 21:04:22 [notice] 1#1: start worker process 31
2025/03/13 21:04:22 [notice] 1#1: start worker process 32
2025/03/13 21:04:22 [notice] 1#1: start worker process 33
2025/03/13 21:04:22 [notice] 1#1: start worker process 34
2025/03/13 21:04:22 [notice] 1#1: start worker process 35
2025/03/13 21:04:22 [notice] 1#1: start worker process 36
2025/03/13 21:04:22 [notice] 1#1: start worker process 37
2025/03/13 21:04:22 [notice] 1#1: start worker process 38
2025/03/13 21:04:22 [notice] 1#1: start worker process 39
2025/03/13 21:04:22 [notice] 1#1: start worker process 40
2025/03/13 21:04:36 [error] 29#29: *1 connect() failed (111: Connection refused) while connecting to upstream, client: 192.168.65.1, server: , request: "GET / HTTP/1.1", upstream: "fastcgi://172.18.0.4:9000", host: "localhost:8080"
2025/03/13 21:07:56 [notice] 1#1: signal 3 (SIGQUIT) received, shutting down
2025/03/13 21:07:56 [notice] 30#30: gracefully shutting down
2025/03/13 21:07:56 [notice] 30#30: exiting
2025/03/13 21:07:56 [notice] 29#29: gracefully shutting down
2025/03/13 21:07:56 [notice] 29#29: exiting
2025/03/13 21:07:56 [notice] 31#31: gracefully shutting down
2025/03/13 21:07:56 [notice] 31#31: exiting
2025/03/13 21:07:56 [notice] 32#32: gracefully shutting down
2025/03/13 21:07:56 [notice] 32#32: exiting
2025/03/13 21:07:56 [notice] 39#39: gracefully shutting down
2025/03/13 21:07:56 [notice] 39#39: exiting
2025/03/13 21:07:56 [notice] 38#38: gracefully shutting down
2025/03/13 21:07:56 [notice] 38#38: exiting
2025/03/13 21:07:56 [notice] 37#37: gracefully shutting down
2025/03/13 21:07:56 [notice] 37#37: exiting
2025/03/13 21:07:56 [notice] 34#34: gracefully shutting down
2025/03/13 21:07:56 [notice] 34#34: exiting
2025/03/13 21:07:56 [notice] 35#35: gracefully shutting down
2025/03/13 21:07:56 [notice] 35#35: exiting
2025/03/13 21:07:56 [notice] 36#36: gracefully shutting down
2025/03/13 21:07:56 [notice] 33#33: gracefully shutting down
2025/03/13 21:07:56 [notice] 33#33: exiting
2025/03/13 21:07:56 [notice] 40#40: gracefully shutting down
2025/03/13 21:07:56 [notice] 30#30: exit
2025/03/13 21:07:56 [notice] 29#29: exit
2025/03/13 21:07:56 [notice] 31#31: exit
2025/03/13 21:07:56 [notice] 39#39: exit
2025/03/13 21:07:56 [notice] 32#32: exit
2025/03/13 21:07:56 [notice] 38#38: exit
2025/03/13 21:07:56 [notice] 37#37: exit
2025/03/13 21:07:56 [notice] 34#34: exit
2025/03/13 21:07:56 [notice] 35#35: exit
2025/03/13 21:07:56 [notice] 36#36: exiting
2025/03/13 21:07:56 [notice] 33#33: exit
2025/03/13 21:07:56 [notice] 40#40: exiting
2025/03/13 21:07:56 [notice] 36#36: exit
2025/03/13 21:07:56 [notice] 40#40: exit
2025/03/13 21:07:56 [notice] 1#1: signal 17 (SIGCHLD) received from 30
2025/03/13 21:07:56 [notice] 1#1: worker process 30 exited with code 0
2025/03/13 21:07:56 [notice] 1#1: worker process 34 exited with code 0
2025/03/13 21:07:56 [notice] 1#1: worker process 35 exited with code 0
2025/03/13 21:07:56 [notice] 1#1: worker process 37 exited with code 0
2025/03/13 21:07:56 [notice] 1#1: worker process 38 exited with code 0
2025/03/13 21:07:56 [notice] 1#1: worker process 40 exited with code 0
2025/03/13 21:07:56 [notice] 1#1: signal 29 (SIGIO) received
2025/03/13 21:07:56 [notice] 1#1: signal 17 (SIGCHLD) received from 38
2025/03/13 21:07:56 [notice] 1#1: signal 17 (SIGCHLD) received from 29
2025/03/13 21:07:56 [notice] 1#1: worker process 29 exited with code 0
2025/03/13 21:07:56 [notice] 1#1: worker process 33 exited with code 0
2025/03/13 21:07:56 [notice] 1#1: signal 29 (SIGIO) received
2025/03/13 21:07:56 [notice] 1#1: signal 17 (SIGCHLD) received from 36
2025/03/13 21:07:56 [notice] 1#1: worker process 32 exited with code 0
2025/03/13 21:07:56 [notice] 1#1: worker process 36 exited with code 0
2025/03/13 21:07:56 [notice] 1#1: worker process 39 exited with code 0
2025/03/13 21:07:56 [notice] 1#1: signal 29 (SIGIO) received
2025/03/13 21:07:56 [notice] 1#1: signal 17 (SIGCHLD) received from 32
2025/03/13 21:07:56 [notice] 1#1: signal 17 (SIGCHLD) received from 31
2025/03/13 21:07:56 [notice] 1#1: worker process 31 exited with code 0
2025/03/13 21:07:56 [notice] 1#1: exit
2025/03/13 21:08:13 [notice] 1#1: using the "epoll" event method
2025/03/13 21:08:13 [notice] 1#1: nginx/1.27.4
2025/03/13 21:08:13 [notice] 1#1: built by gcc 14.2.0 (Alpine 14.2.0) 
2025/03/13 21:08:13 [notice] 1#1: OS: Linux 6.12.5-linuxkit
2025/03/13 21:08:13 [notice] 1#1: getrlimit(RLIMIT_NOFILE): 1048576:1048576
2025/03/13 21:08:13 [notice] 1#1: start worker processes
2025/03/13 21:08:13 [notice] 1#1: start worker process 29
2025/03/13 21:08:13 [notice] 1#1: start worker process 30
2025/03/13 21:08:13 [notice] 1#1: start worker process 31
2025/03/13 21:08:13 [notice] 1#1: start worker process 32
2025/03/13 21:08:13 [notice] 1#1: start worker process 33
2025/03/13 21:08:13 [notice] 1#1: start worker process 34
2025/03/13 21:08:13 [notice] 1#1: start worker process 35
2025/03/13 21:08:13 [notice] 1#1: start worker process 36
2025/03/13 21:08:13 [notice] 1#1: start worker process 37
2025/03/13 21:08:13 [notice] 1#1: start worker process 38
2025/03/13 21:08:13 [notice] 1#1: start worker process 39
2025/03/13 21:08:13 [notice] 1#1: start worker process 40
2025/03/13 21:10:43 [notice] 1#1: signal 3 (SIGQUIT) received, shutting down
2025/03/13 21:10:43 [notice] 29#29: gracefully shutting down
2025/03/13 21:10:43 [notice] 30#30: gracefully shutting down
2025/03/13 21:10:43 [notice] 31#31: gracefully shutting down
2025/03/13 21:10:43 [notice] 31#31: exiting
2025/03/13 21:10:43 [notice] 33#33: gracefully shutting down
2025/03/13 21:10:43 [notice] 31#31: exit
2025/03/13 21:10:43 [notice] 32#32: gracefully shutting down
2025/03/13 21:10:43 [notice] 32#32: exiting
2025/03/13 21:10:43 [notice] 34#34: gracefully shutting down
2025/03/13 21:10:43 [notice] 32#32: exit
2025/03/13 21:10:43 [notice] 38#38: gracefully shutting down
2025/03/13 21:10:43 [notice] 35#35: gracefully shutting down
2025/03/13 21:10:43 [notice] 39#39: gracefully shutting down
2025/03/13 21:10:43 [notice] 36#36: gracefully shutting down
2025/03/13 21:10:43 [notice] 40#40: gracefully shutting down
2025/03/13 21:10:43 [notice] 37#37: gracefully shutting down
2025/03/13 21:10:43 [notice] 29#29: exiting
2025/03/13 21:10:43 [notice] 30#30: exiting
2025/03/13 21:10:43 [notice] 33#33: exiting
2025/03/13 21:10:43 [notice] 30#30: exit
2025/03/13 21:10:43 [notice] 34#34: exiting
2025/03/13 21:10:43 [notice] 38#38: exiting
2025/03/13 21:10:43 [notice] 34#34: exit
2025/03/13 21:10:43 [notice] 35#35: exiting
2025/03/13 21:10:43 [notice] 39#39: exiting
2025/03/13 21:10:43 [notice] 36#36: exiting
2025/03/13 21:10:43 [notice] 40#40: exiting
2025/03/13 21:10:43 [notice] 37#37: exiting
2025/03/13 21:10:43 [notice] 29#29: exit
2025/03/13 21:10:43 [notice] 33#33: exit
2025/03/13 21:10:43 [notice] 38#38: exit
2025/03/13 21:10:43 [notice] 35#35: exit
2025/03/13 21:10:43 [notice] 39#39: exit
2025/03/13 21:10:43 [notice] 36#36: exit
2025/03/13 21:10:43 [notice] 40#40: exit
2025/03/13 21:10:43 [notice] 37#37: exit
2025/03/13 21:10:43 [notice] 1#1: signal 17 (SIGCHLD) received from 33
2025/03/13 21:10:43 [notice] 1#1: worker process 33 exited with code 0
2025/03/13 21:10:43 [notice] 1#1: signal 29 (SIGIO) received
2025/03/13 21:10:43 [notice] 1#1: signal 17 (SIGCHLD) received from 29
2025/03/13 21:10:43 [notice] 1#1: worker process 29 exited with code 0
2025/03/13 21:10:43 [notice] 1#1: worker process 32 exited with code 0
2025/03/13 21:10:43 [notice] 1#1: worker process 38 exited with code 0
2025/03/13 21:10:43 [notice] 1#1: signal 29 (SIGIO) received
2025/03/13 21:10:43 [notice] 1#1: signal 17 (SIGCHLD) received from 38
2025/03/13 21:10:43 [notice] 1#1: signal 17 (SIGCHLD) received from 36
2025/03/13 21:10:43 [notice] 1#1: worker process 34 exited with code 0
2025/03/13 21:10:43 [notice] 1#1: worker process 35 exited with code 0
2025/03/13 21:10:43 [notice] 1#1: worker process 36 exited with code 0
2025/03/13 21:10:43 [notice] 1#1: worker process 37 exited with code 0
2025/03/13 21:10:43 [notice] 1#1: signal 29 (SIGIO) received
2025/03/13 21:10:43 [notice] 1#1: signal 17 (SIGCHLD) received from 35
2025/03/13 21:10:43 [notice] 1#1: signal 17 (SIGCHLD) received from 39
2025/03/13 21:10:43 [notice] 1#1: worker process 30 exited with code 0
2025/03/13 21:10:43 [notice] 1#1: worker process 31 exited with code 0
2025/03/13 21:10:43 [notice] 1#1: worker process 39 exited with code 0
2025/03/13 21:10:43 [notice] 1#1: worker process 40 exited with code 0
2025/03/13 21:10:43 [notice] 1#1: exit
2025/03/13 21:11:14 [notice] 1#1: using the "epoll" event method
2025/03/13 21:11:14 [notice] 1#1: nginx/1.27.4
2025/03/13 21:11:14 [notice] 1#1: built by gcc 14.2.0 (Alpine 14.2.0) 
2025/03/13 21:11:14 [notice] 1#1: OS: Linux 6.12.5-linuxkit
2025/03/13 21:11:14 [notice] 1#1: getrlimit(RLIMIT_NOFILE): 1048576:1048576
2025/03/13 21:11:14 [notice] 1#1: start worker processes
2025/03/13 21:11:14 [notice] 1#1: start worker process 29
2025/03/13 21:11:14 [notice] 1#1: start worker process 30
2025/03/13 21:11:14 [notice] 1#1: start worker process 31
2025/03/13 21:11:14 [notice] 1#1: start worker process 32
2025/03/13 21:11:14 [notice] 1#1: start worker process 33
2025/03/13 21:11:14 [notice] 1#1: start worker process 34
2025/03/13 21:11:14 [notice] 1#1: start worker process 35
2025/03/13 21:11:14 [notice] 1#1: start worker process 36
2025/03/13 21:11:14 [notice] 1#1: start worker process 37
2025/03/13 21:11:14 [notice] 1#1: start worker process 38
2025/03/13 21:11:14 [notice] 1#1: start worker process 39
2025/03/13 21:11:14 [notice] 1#1: start worker process 40
2025/03/13 21:11:20 [error] 29#29: *1 connect() failed (111: Connection refused) while connecting to upstream, client: 192.168.65.1, server: , request: "GET / HTTP/1.1", upstream: "fastcgi://172.18.0.4:9000", host: "localhost:8080"
2025/03/13 21:11:20 [error] 29#29: *1 connect() failed (111: Connection refused) while connecting to upstream, client: 192.168.65.1, server: , request: "GET / HTTP/1.1", upstream: "fastcgi://172.18.0.4:9000", host: "localhost:8080"
2025/03/13 21:11:21 [error] 29#29: *1 connect() failed (111: Connection refused) while connecting to upstream, client: 192.168.65.1, server: , request: "GET / HTTP/1.1", upstream: "fastcgi://172.18.0.4:9000", host: "localhost:8080"
2025/03/13 21:12:38 [notice] 1#1: signal 3 (SIGQUIT) received, shutting down
2025/03/13 21:12:38 [notice] 29#29: gracefully shutting down
2025/03/13 21:12:38 [notice] 38#38: gracefully shutting down
2025/03/13 21:12:38 [notice] 30#30: gracefully shutting down
2025/03/13 21:12:38 [notice] 31#31: gracefully shutting down
2025/03/13 21:12:38 [notice] 31#31: exiting
2025/03/13 21:12:38 [notice] 32#32: gracefully shutting down
2025/03/13 21:12:38 [notice] 32#32: exiting
2025/03/13 21:12:38 [notice] 35#35: gracefully shutting down
2025/03/13 21:12:38 [notice] 33#33: gracefully shutting down
2025/03/13 21:12:38 [notice] 39#39: gracefully shutting down
2025/03/13 21:12:38 [notice] 29#29: exiting
2025/03/13 21:12:38 [notice] 34#34: gracefully shutting down
2025/03/13 21:12:38 [notice] 37#37: gracefully shutting down
2025/03/13 21:12:38 [notice] 40#40: gracefully shutting down
2025/03/13 21:12:38 [notice] 36#36: gracefully shutting down
2025/03/13 21:12:38 [notice] 38#38: exiting
2025/03/13 21:12:38 [notice] 30#30: exiting
2025/03/13 21:12:38 [notice] 31#31: exit
2025/03/13 21:12:38 [notice] 35#35: exiting
2025/03/13 21:12:38 [notice] 32#32: exit
2025/03/13 21:12:38 [notice] 35#35: exit
2025/03/13 21:12:38 [notice] 33#33: exiting
2025/03/13 21:12:38 [notice] 39#39: exiting
2025/03/13 21:12:38 [notice] 33#33: exit
2025/03/13 21:12:38 [notice] 34#34: exiting
2025/03/13 21:12:38 [notice] 29#29: exit
2025/03/13 21:12:38 [notice] 37#37: exiting
2025/03/13 21:12:38 [notice] 40#40: exiting
2025/03/13 21:12:38 [notice] 37#37: exit
2025/03/13 21:12:38 [notice] 36#36: exiting
2025/03/13 21:12:38 [notice] 38#38: exit
2025/03/13 21:12:38 [notice] 30#30: exit
2025/03/13 21:12:38 [notice] 39#39: exit
2025/03/13 21:12:38 [notice] 34#34: exit
2025/03/13 21:12:38 [notice] 40#40: exit
2025/03/13 21:12:38 [notice] 36#36: exit
2025/03/13 21:12:38 [notice] 1#1: signal 17 (SIGCHLD) received from 40
2025/03/13 21:12:38 [notice] 1#1: worker process 38 exited with code 0
2025/03/13 21:12:38 [notice] 1#1: worker process 40 exited with code 0
2025/03/13 21:12:38 [notice] 1#1: signal 29 (SIGIO) received
2025/03/13 21:12:38 [notice] 1#1: signal 17 (SIGCHLD) received from 29
2025/03/13 21:12:38 [notice] 1#1: worker process 29 exited with code 0
2025/03/13 21:12:38 [notice] 1#1: worker process 33 exited with code 0
2025/03/13 21:12:38 [notice] 1#1: worker process 36 exited with code 0
2025/03/13 21:12:38 [notice] 1#1: signal 29 (SIGIO) received
2025/03/13 21:12:38 [notice] 1#1: signal 17 (SIGCHLD) received from 36
2025/03/13 21:12:38 [notice] 1#1: signal 17 (SIGCHLD) received from 37
2025/03/13 21:12:38 [notice] 1#1: worker process 30 exited with code 0
2025/03/13 21:12:38 [notice] 1#1: worker process 32 exited with code 0
2025/03/13 21:12:38 [notice] 1#1: worker process 35 exited with code 0
2025/03/13 21:12:38 [notice] 1#1: worker process 37 exited with code 0
2025/03/13 21:12:38 [notice] 1#1: worker process 39 exited with code 0
2025/03/13 21:12:38 [notice] 1#1: signal 29 (SIGIO) received
2025/03/13 21:12:38 [notice] 1#1: signal 17 (SIGCHLD) received from 30
2025/03/13 21:12:38 [notice] 1#1: signal 17 (SIGCHLD) received from 31
2025/03/13 21:12:38 [notice] 1#1: worker process 31 exited with code 0
2025/03/13 21:12:38 [notice] 1#1: worker process 34 exited with code 0
2025/03/13 21:12:38 [notice] 1#1: exit
2025/03/13 21:13:01 [notice] 1#1: using the "epoll" event method
2025/03/13 21:13:01 [notice] 1#1: nginx/1.27.4
2025/03/13 21:13:01 [notice] 1#1: built by gcc 14.2.0 (Alpine 14.2.0) 
2025/03/13 21:13:01 [notice] 1#1: OS: Linux 6.12.5-linuxkit
2025/03/13 21:13:01 [notice] 1#1: getrlimit(RLIMIT_NOFILE): 1048576:1048576
2025/03/13 21:13:01 [notice] 1#1: start worker processes
2025/03/13 21:13:01 [notice] 1#1: start worker process 29
2025/03/13 21:13:01 [notice] 1#1: start worker process 30
2025/03/13 21:13:01 [notice] 1#1: start worker process 31
2025/03/13 21:13:01 [notice] 1#1: start worker process 32
2025/03/13 21:13:01 [notice] 1#1: start worker process 33
2025/03/13 21:13:01 [notice] 1#1: start worker process 34
2025/03/13 21:13:01 [notice] 1#1: start worker process 35
2025/03/13 21:13:01 [notice] 1#1: start worker process 36
2025/03/13 21:13:01 [notice] 1#1: start worker process 37
2025/03/13 21:13:01 [notice] 1#1: start worker process 38
2025/03/13 21:13:01 [notice] 1#1: start worker process 39
2025/03/13 21:13:01 [notice] 1#1: start worker process 40
2025/03/13 21:13:21 [error] 29#29: *2 connect() failed (111: Connection refused) while connecting to upstream, client: 192.168.65.1, server: , request: "GET / HTTP/1.1", upstream: "fastcgi://172.18.0.4:9000", host: "localhost:8080"
2025/03/13 21:20:19 [notice] 1#1: signal 3 (SIGQUIT) received, shutting down
2025/03/13 21:20:19 [notice] 30#30: gracefully shutting down
2025/03/13 21:20:19 [notice] 31#31: gracefully shutting down
2025/03/13 21:20:19 [notice] 32#32: gracefully shutting down
2025/03/13 21:20:19 [notice] 32#32: exiting
2025/03/13 21:20:19 [notice] 29#29: gracefully shutting down
2025/03/13 21:20:19 [notice] 29#29: exiting
2025/03/13 21:20:19 [notice] 33#33: gracefully shutting down
2025/03/13 21:20:19 [notice] 29#29: exit
2025/03/13 21:20:19 [notice] 34#34: gracefully shutting down
2025/03/13 21:20:19 [notice] 35#35: gracefully shutting down
2025/03/13 21:20:19 [notice] 35#35: exiting
2025/03/13 21:20:19 [notice] 40#40: gracefully shutting down
2025/03/13 21:20:19 [notice] 35#35: exit
2025/03/13 21:20:19 [notice] 39#39: gracefully shutting down
2025/03/13 21:20:19 [notice] 38#38: gracefully shutting down
2025/03/13 21:20:19 [notice] 38#38: exiting
2025/03/13 21:20:19 [notice] 37#37: gracefully shutting down
2025/03/13 21:20:19 [notice] 38#38: exit
2025/03/13 21:20:19 [notice] 36#36: gracefully shutting down
2025/03/13 21:20:19 [notice] 30#30: exiting
2025/03/13 21:20:19 [notice] 31#31: exiting
2025/03/13 21:20:19 [notice] 32#32: exit
2025/03/13 21:20:19 [notice] 31#31: exit
2025/03/13 21:20:19 [notice] 33#33: exiting
2025/03/13 21:20:19 [notice] 34#34: exiting
2025/03/13 21:20:19 [notice] 33#33: exit
2025/03/13 21:20:19 [notice] 40#40: exiting
2025/03/13 21:20:19 [notice] 39#39: exiting
2025/03/13 21:20:19 [notice] 37#37: exiting
2025/03/13 21:20:19 [notice] 36#36: exiting
2025/03/13 21:20:19 [notice] 30#30: exit
2025/03/13 21:20:19 [notice] 34#34: exit
2025/03/13 21:20:19 [notice] 40#40: exit
2025/03/13 21:20:19 [notice] 39#39: exit
2025/03/13 21:20:19 [notice] 37#37: exit
2025/03/13 21:20:19 [notice] 36#36: exit
2025/03/13 21:20:19 [notice] 1#1: signal 17 (SIGCHLD) received from 38
2025/03/13 21:20:19 [notice] 1#1: worker process 29 exited with code 0
2025/03/13 21:20:19 [notice] 1#1: worker process 30 exited with code 0
2025/03/13 21:20:19 [notice] 1#1: worker process 33 exited with code 0
2025/03/13 21:20:19 [notice] 1#1: worker process 35 exited with code 0
2025/03/13 21:20:19 [notice] 1#1: worker process 38 exited with code 0
2025/03/13 21:20:19 [notice] 1#1: signal 29 (SIGIO) received
2025/03/13 21:20:19 [notice] 1#1: signal 17 (SIGCHLD) received from 35
2025/03/13 21:20:19 [notice] 1#1: signal 17 (SIGCHLD) received from 32
2025/03/13 21:20:19 [notice] 1#1: worker process 32 exited with code 0
2025/03/13 21:20:19 [notice] 1#1: worker process 37 exited with code 0
2025/03/13 21:20:19 [notice] 1#1: worker process 39 exited with code 0
2025/03/13 21:20:19 [notice] 1#1: signal 29 (SIGIO) received
2025/03/13 21:20:19 [notice] 1#1: signal 17 (SIGCHLD) received from 39
2025/03/13 21:20:19 [notice] 1#1: signal 17 (SIGCHLD) received from 36
2025/03/13 21:20:19 [notice] 1#1: worker process 31 exited with code 0
2025/03/13 21:20:19 [notice] 1#1: worker process 36 exited with code 0
2025/03/13 21:20:19 [notice] 1#1: signal 29 (SIGIO) received
2025/03/13 21:20:19 [notice] 1#1: signal 17 (SIGCHLD) received from 31
2025/03/13 21:20:19 [notice] 1#1: signal 17 (SIGCHLD) received from 34
2025/03/13 21:20:19 [notice] 1#1: worker process 34 exited with code 0
2025/03/13 21:20:19 [notice] 1#1: worker process 40 exited with code 0
2025/03/13 21:20:19 [notice] 1#1: exit
2025/03/13 21:20:37 [notice] 1#1: using the "epoll" event method
2025/03/13 21:20:37 [notice] 1#1: nginx/1.27.4
2025/03/13 21:20:37 [notice] 1#1: built by gcc 14.2.0 (Alpine 14.2.0) 
2025/03/13 21:20:37 [notice] 1#1: OS: Linux 6.12.5-linuxkit
2025/03/13 21:20:37 [notice] 1#1: getrlimit(RLIMIT_NOFILE): 1048576:1048576
2025/03/13 21:20:37 [notice] 1#1: start worker processes
2025/03/13 21:20:37 [notice] 1#1: start worker process 29
2025/03/13 21:20:37 [notice] 1#1: start worker process 30
2025/03/13 21:20:37 [notice] 1#1: start worker process 31
2025/03/13 21:20:37 [notice] 1#1: start worker process 32
2025/03/13 21:20:37 [notice] 1#1: start worker process 33
2025/03/13 21:20:37 [notice] 1#1: start worker process 34
2025/03/13 21:20:37 [notice] 1#1: start worker process 35
2025/03/13 21:20:37 [notice] 1#1: start worker process 36
2025/03/13 21:20:37 [notice] 1#1: start worker process 37
2025/03/13 21:20:37 [notice] 1#1: start worker process 38
2025/03/13 21:20:37 [notice] 1#1: start worker process 39
2025/03/13 21:20:37 [notice] 1#1: start worker process 40
2025/03/13 21:21:50 [notice] 1#1: signal 3 (SIGQUIT) received, shutting down
2025/03/13 21:21:50 [notice] 29#29: gracefully shutting down
2025/03/13 21:21:50 [notice] 29#29: exiting
2025/03/13 21:21:50 [notice] 30#30: gracefully shutting down
2025/03/13 21:21:50 [notice] 30#30: exiting
2025/03/13 21:21:50 [notice] 33#33: gracefully shutting down
2025/03/13 21:21:50 [notice] 33#33: exiting
2025/03/13 21:21:50 [notice] 40#40: gracefully shutting down
2025/03/13 21:21:50 [notice] 40#40: exiting
2025/03/13 21:21:50 [notice] 38#38: gracefully shutting down
2025/03/13 21:21:50 [notice] 32#32: gracefully shutting down
2025/03/13 21:21:50 [notice] 32#32: exiting
2025/03/13 21:21:50 [notice] 35#35: gracefully shutting down
2025/03/13 21:21:50 [notice] 35#35: exiting
2025/03/13 21:21:50 [notice] 34#34: gracefully shutting down
2025/03/13 21:21:50 [notice] 34#34: exiting
2025/03/13 21:21:50 [notice] 39#39: gracefully shutting down
2025/03/13 21:21:50 [notice] 39#39: exiting
2025/03/13 21:21:50 [notice] 31#31: gracefully shutting down
2025/03/13 21:21:50 [notice] 31#31: exiting
2025/03/13 21:21:50 [notice] 37#37: gracefully shutting down
2025/03/13 21:21:50 [notice] 37#37: exiting
2025/03/13 21:21:50 [notice] 36#36: gracefully shutting down
2025/03/13 21:21:50 [notice] 36#36: exiting
2025/03/13 21:21:50 [notice] 29#29: exit
2025/03/13 21:21:50 [notice] 36#36: exit
2025/03/13 21:21:50 [notice] 30#30: exit
2025/03/13 21:21:50 [notice] 33#33: exit
2025/03/13 21:21:50 [notice] 40#40: exit
2025/03/13 21:21:50 [notice] 38#38: exiting
2025/03/13 21:21:50 [notice] 32#32: exit
2025/03/13 21:21:50 [notice] 35#35: exit
2025/03/13 21:21:50 [notice] 34#34: exit
2025/03/13 21:21:50 [notice] 39#39: exit
2025/03/13 21:21:50 [notice] 31#31: exit
2025/03/13 21:21:50 [notice] 37#37: exit
2025/03/13 21:21:50 [notice] 38#38: exit
2025/03/13 21:21:50 [notice] 1#1: signal 17 (SIGCHLD) received from 35
2025/03/13 21:21:50 [notice] 1#1: worker process 30 exited with code 0
2025/03/13 21:21:50 [notice] 1#1: worker process 35 exited with code 0
2025/03/13 21:21:50 [notice] 1#1: signal 29 (SIGIO) received
2025/03/13 21:21:50 [notice] 1#1: signal 17 (SIGCHLD) received from 32
2025/03/13 21:21:50 [notice] 1#1: worker process 29 exited with code 0
2025/03/13 21:21:50 [notice] 1#1: worker process 32 exited with code 0
2025/03/13 21:21:50 [notice] 1#1: worker process 36 exited with code 0
2025/03/13 21:21:50 [notice] 1#1: worker process 40 exited with code 0
2025/03/13 21:21:50 [notice] 1#1: signal 29 (SIGIO) received
2025/03/13 21:21:50 [notice] 1#1: signal 17 (SIGCHLD) received from 36
2025/03/13 21:21:50 [notice] 1#1: signal 17 (SIGCHLD) received from 31
2025/03/13 21:21:50 [notice] 1#1: worker process 31 exited with code 0
2025/03/13 21:21:50 [notice] 1#1: worker process 38 exited with code 0
2025/03/13 21:21:50 [notice] 1#1: signal 29 (SIGIO) received
2025/03/13 21:21:50 [notice] 1#1: signal 17 (SIGCHLD) received from 38
2025/03/13 21:21:50 [notice] 1#1: signal 17 (SIGCHLD) received from 37
2025/03/13 21:21:50 [notice] 1#1: worker process 33 exited with code 0
2025/03/13 21:21:50 [notice] 1#1: worker process 34 exited with code 0
2025/03/13 21:21:50 [notice] 1#1: worker process 37 exited with code 0
2025/03/13 21:21:50 [notice] 1#1: worker process 39 exited with code 0
2025/03/13 21:21:50 [notice] 1#1: exit
2025/03/13 21:22:25 [notice] 1#1: using the "epoll" event method
2025/03/13 21:22:25 [notice] 1#1: nginx/1.27.4
2025/03/13 21:22:25 [notice] 1#1: built by gcc 14.2.0 (Alpine 14.2.0) 
2025/03/13 21:22:25 [notice] 1#1: OS: Linux 6.12.5-linuxkit
2025/03/13 21:22:25 [notice] 1#1: getrlimit(RLIMIT_NOFILE): 1048576:1048576
2025/03/13 21:22:25 [notice] 1#1: start worker processes
2025/03/13 21:22:25 [notice] 1#1: start worker process 29
2025/03/13 21:22:25 [notice] 1#1: start worker process 30
2025/03/13 21:22:25 [notice] 1#1: start worker process 31
2025/03/13 21:22:25 [notice] 1#1: start worker process 32
2025/03/13 21:22:25 [notice] 1#1: start worker process 33
2025/03/13 21:22:25 [notice] 1#1: start worker process 34
2025/03/13 21:22:25 [notice] 1#1: start worker process 35
2025/03/13 21:22:25 [notice] 1#1: start worker process 36
2025/03/13 21:22:25 [notice] 1#1: start worker process 37
2025/03/13 21:22:25 [notice] 1#1: start worker process 38
2025/03/13 21:22:25 [notice] 1#1: start worker process 39
2025/03/13 21:22:25 [notice] 1#1: start worker process 40
2025/03/13 21:23:26 [notice] 1#1: signal 3 (SIGQUIT) received, shutting down
2025/03/13 21:23:26 [notice] 29#29: gracefully shutting down
2025/03/13 21:23:26 [notice] 35#35: gracefully shutting down
2025/03/13 21:23:26 [notice] 30#30: gracefully shutting down
2025/03/13 21:23:26 [notice] 31#31: gracefully shutting down
2025/03/13 21:23:26 [notice] 32#32: gracefully shutting down
2025/03/13 21:23:26 [notice] 32#32: exiting
2025/03/13 21:23:26 [notice] 33#33: gracefully shutting down
2025/03/13 21:23:26 [notice] 33#33: exiting
2025/03/13 21:23:26 [notice] 34#34: gracefully shutting down
2025/03/13 21:23:26 [notice] 34#34: exiting
2025/03/13 21:23:26 [notice] 36#36: gracefully shutting down
2025/03/13 21:23:26 [notice] 36#36: exiting
2025/03/13 21:23:26 [notice] 37#37: gracefully shutting down
2025/03/13 21:23:26 [notice] 29#29: exiting
2025/03/13 21:23:26 [notice] 39#39: gracefully shutting down
2025/03/13 21:23:26 [notice] 38#38: gracefully shutting down
2025/03/13 21:23:26 [notice] 40#40: gracefully shutting down
2025/03/13 21:23:26 [notice] 35#35: exiting
2025/03/13 21:23:26 [notice] 30#30: exiting
2025/03/13 21:23:26 [notice] 31#31: exiting
2025/03/13 21:23:26 [notice] 32#32: exit
2025/03/13 21:23:26 [notice] 33#33: exit
2025/03/13 21:23:26 [notice] 34#34: exit
2025/03/13 21:23:26 [notice] 36#36: exit
2025/03/13 21:23:26 [notice] 37#37: exiting
2025/03/13 21:23:26 [notice] 39#39: exiting
2025/03/13 21:23:26 [notice] 37#37: exit
2025/03/13 21:23:26 [notice] 29#29: exit
2025/03/13 21:23:26 [notice] 38#38: exiting
2025/03/13 21:23:26 [notice] 40#40: exiting
2025/03/13 21:23:26 [notice] 38#38: exit
2025/03/13 21:23:26 [notice] 35#35: exit
2025/03/13 21:23:26 [notice] 30#30: exit
2025/03/13 21:23:26 [notice] 31#31: exit
2025/03/13 21:23:26 [notice] 39#39: exit
2025/03/13 21:23:26 [notice] 40#40: exit
2025/03/13 21:23:26 [notice] 1#1: signal 17 (SIGCHLD) received from 32
2025/03/13 21:23:26 [notice] 1#1: worker process 32 exited with code 0
2025/03/13 21:23:26 [notice] 1#1: worker process 33 exited with code 0
2025/03/13 21:23:26 [notice] 1#1: signal 29 (SIGIO) received
2025/03/13 21:23:26 [notice] 1#1: signal 17 (SIGCHLD) received from 33
2025/03/13 21:23:26 [notice] 1#1: signal 17 (SIGCHLD) received from 37
2025/03/13 21:23:26 [notice] 1#1: worker process 37 exited with code 0
2025/03/13 21:23:26 [notice] 1#1: worker process 35 exited with code 0
2025/03/13 21:23:26 [notice] 1#1: worker process 39 exited with code 0
2025/03/13 21:23:26 [notice] 1#1: worker process 40 exited with code 0
2025/03/13 21:23:26 [notice] 1#1: signal 29 (SIGIO) received
2025/03/13 21:23:26 [notice] 1#1: signal 17 (SIGCHLD) received from 40
2025/03/13 21:23:26 [notice] 1#1: signal 17 (SIGCHLD) received from 38
2025/03/13 21:23:26 [notice] 1#1: worker process 29 exited with code 0
2025/03/13 21:23:26 [notice] 1#1: worker process 30 exited with code 0
2025/03/13 21:23:26 [notice] 1#1: worker process 31 exited with code 0
2025/03/13 21:23:26 [notice] 1#1: worker process 34 exited with code 0
2025/03/13 21:23:26 [notice] 1#1: worker process 36 exited with code 0
2025/03/13 21:23:26 [notice] 1#1: worker process 38 exited with code 0
2025/03/13 21:23:26 [notice] 1#1: exit
2025/03/13 21:26:17 [notice] 1#1: using the "epoll" event method
2025/03/13 21:26:17 [notice] 1#1: nginx/1.27.4
2025/03/13 21:26:17 [notice] 1#1: built by gcc 14.2.0 (Alpine 14.2.0) 
2025/03/13 21:26:17 [notice] 1#1: OS: Linux 6.12.5-linuxkit
2025/03/13 21:26:17 [notice] 1#1: getrlimit(RLIMIT_NOFILE): 1048576:1048576
2025/03/13 21:26:17 [notice] 1#1: start worker processes
2025/03/13 21:26:17 [notice] 1#1: start worker process 29
2025/03/13 21:26:17 [notice] 1#1: start worker process 30
2025/03/13 21:26:17 [notice] 1#1: start worker process 31
2025/03/13 21:26:17 [notice] 1#1: start worker process 32
2025/03/13 21:26:17 [notice] 1#1: start worker process 33
2025/03/13 21:26:17 [notice] 1#1: start worker process 34
2025/03/13 21:26:17 [notice] 1#1: start worker process 35
2025/03/13 21:26:17 [notice] 1#1: start worker process 36
2025/03/13 21:26:17 [notice] 1#1: start worker process 37
2025/03/13 21:26:17 [notice] 1#1: start worker process 38
2025/03/13 21:26:17 [notice] 1#1: start worker process 39
2025/03/13 21:26:17 [notice] 1#1: start worker process 40
2025/03/13 21:26:37 [notice] 1#1: signal 3 (SIGQUIT) received, shutting down
2025/03/13 21:26:37 [notice] 29#29: gracefully shutting down
2025/03/13 21:26:37 [notice] 29#29: exiting
2025/03/13 21:26:37 [notice] 30#30: gracefully shutting down
2025/03/13 21:26:37 [notice] 30#30: exiting
2025/03/13 21:26:37 [notice] 32#32: gracefully shutting down
2025/03/13 21:26:37 [notice] 32#32: exiting
2025/03/13 21:26:37 [notice] 34#34: gracefully shutting down
2025/03/13 21:26:37 [notice] 37#37: gracefully shutting down
2025/03/13 21:26:37 [notice] 37#37: exiting
2025/03/13 21:26:37 [notice] 31#31: gracefully shutting down
2025/03/13 21:26:37 [notice] 31#31: exiting
2025/03/13 21:26:37 [notice] 33#33: gracefully shutting down
2025/03/13 21:26:37 [notice] 31#31: exit
2025/03/13 21:26:37 [notice] 38#38: gracefully shutting down
2025/03/13 21:26:37 [notice] 38#38: exiting
2025/03/13 21:26:37 [notice] 35#35: gracefully shutting down
2025/03/13 21:26:37 [notice] 35#35: exiting
2025/03/13 21:26:37 [notice] 40#40: gracefully shutting down
2025/03/13 21:26:37 [notice] 40#40: exiting
2025/03/13 21:26:37 [notice] 39#39: gracefully shutting down
2025/03/13 21:26:37 [notice] 39#39: exiting
2025/03/13 21:26:37 [notice] 36#36: gracefully shutting down
2025/03/13 21:26:37 [notice] 36#36: exiting
2025/03/13 21:26:37 [notice] 29#29: exit
2025/03/13 21:26:37 [notice] 30#30: exit
2025/03/13 21:26:37 [notice] 34#34: exiting
2025/03/13 21:26:37 [notice] 32#32: exit
2025/03/13 21:26:37 [notice] 37#37: exit
2025/03/13 21:26:37 [notice] 33#33: exiting
2025/03/13 21:26:37 [notice] 38#38: exit
2025/03/13 21:26:37 [notice] 35#35: exit
2025/03/13 21:26:37 [notice] 40#40: exit
2025/03/13 21:26:37 [notice] 39#39: exit
2025/03/13 21:26:37 [notice] 36#36: exit
2025/03/13 21:26:37 [notice] 34#34: exit
2025/03/13 21:26:37 [notice] 33#33: exit
2025/03/13 21:26:37 [notice] 1#1: signal 17 (SIGCHLD) received from 39
2025/03/13 21:26:37 [notice] 1#1: worker process 38 exited with code 0
2025/03/13 21:26:37 [notice] 1#1: worker process 39 exited with code 0
2025/03/13 21:26:37 [notice] 1#1: signal 29 (SIGIO) received
2025/03/13 21:26:37 [notice] 1#1: signal 17 (SIGCHLD) received from 32
2025/03/13 21:26:37 [notice] 1#1: worker process 32 exited with code 0
2025/03/13 21:26:37 [notice] 1#1: worker process 34 exited with code 0
2025/03/13 21:26:37 [notice] 1#1: worker process 37 exited with code 0
2025/03/13 21:26:37 [notice] 1#1: signal 29 (SIGIO) received
2025/03/13 21:26:37 [notice] 1#1: signal 17 (SIGCHLD) received from 37
2025/03/13 21:26:37 [notice] 1#1: signal 17 (SIGCHLD) received from 40
2025/03/13 21:26:37 [notice] 1#1: worker process 31 exited with code 0
2025/03/13 21:26:37 [notice] 1#1: worker process 29 exited with code 0
2025/03/13 21:26:37 [notice] 1#1: worker process 30 exited with code 0
2025/03/13 21:26:37 [notice] 1#1: worker process 33 exited with code 0
2025/03/13 21:26:37 [notice] 1#1: worker process 35 exited with code 0
2025/03/13 21:26:37 [notice] 1#1: worker process 36 exited with code 0
2025/03/13 21:26:37 [notice] 1#1: worker process 40 exited with code 0
2025/03/13 21:26:37 [notice] 1#1: exit
2025/03/13 21:30:15 [notice] 1#1: using the "epoll" event method
2025/03/13 21:30:15 [notice] 1#1: nginx/1.27.4
2025/03/13 21:30:15 [notice] 1#1: built by gcc 14.2.0 (Alpine 14.2.0) 
2025/03/13 21:30:15 [notice] 1#1: OS: Linux 6.12.5-linuxkit
2025/03/13 21:30:15 [notice] 1#1: getrlimit(RLIMIT_NOFILE): 1048576:1048576
2025/03/13 21:30:15 [notice] 1#1: start worker processes
2025/03/13 21:30:15 [notice] 1#1: start worker process 29
2025/03/13 21:30:15 [notice] 1#1: start worker process 30
2025/03/13 21:30:15 [notice] 1#1: start worker process 31
2025/03/13 21:30:15 [notice] 1#1: start worker process 32
2025/03/13 21:30:15 [notice] 1#1: start worker process 33
2025/03/13 21:30:15 [notice] 1#1: start worker process 34
2025/03/13 21:30:15 [notice] 1#1: start worker process 35
2025/03/13 21:30:15 [notice] 1#1: start worker process 36
2025/03/13 21:30:15 [notice] 1#1: start worker process 37
2025/03/13 21:30:15 [notice] 1#1: start worker process 38
2025/03/13 21:30:15 [notice] 1#1: start worker process 39
2025/03/13 21:30:15 [notice] 1#1: start worker process 40
2025/03/13 21:35:51 [notice] 1#1: signal 3 (SIGQUIT) received, shutting down
2025/03/13 21:35:51 [notice] 30#30: gracefully shutting down
2025/03/13 21:35:51 [notice] 39#39: gracefully shutting down
2025/03/13 21:35:51 [notice] 31#31: gracefully shutting down
2025/03/13 21:35:51 [notice] 29#29: gracefully shutting down
2025/03/13 21:35:51 [notice] 29#29: exiting
2025/03/13 21:35:51 [notice] 33#33: gracefully shutting down
2025/03/13 21:35:51 [notice] 33#33: exiting
2025/03/13 21:35:51 [notice] 32#32: gracefully shutting down
2025/03/13 21:35:51 [notice] 35#35: gracefully shutting down
2025/03/13 21:35:51 [notice] 34#34: gracefully shutting down
2025/03/13 21:35:51 [notice] 34#34: exiting
2025/03/13 21:35:51 [notice] 36#36: gracefully shutting down
2025/03/13 21:35:51 [notice] 40#40: gracefully shutting down
2025/03/13 21:35:51 [notice] 30#30: exiting
2025/03/13 21:35:51 [notice] 37#37: gracefully shutting down
2025/03/13 21:35:51 [notice] 38#38: gracefully shutting down
2025/03/13 21:35:51 [notice] 39#39: exiting
2025/03/13 21:35:51 [notice] 31#31: exiting
2025/03/13 21:35:51 [notice] 29#29: exit
2025/03/13 21:35:51 [notice] 33#33: exit
2025/03/13 21:35:51 [notice] 32#32: exiting
2025/03/13 21:35:51 [notice] 35#35: exiting
2025/03/13 21:35:51 [notice] 34#34: exit
2025/03/13 21:35:51 [notice] 35#35: exit
2025/03/13 21:35:51 [notice] 36#36: exiting
2025/03/13 21:35:51 [notice] 40#40: exiting
2025/03/13 21:35:51 [notice] 30#30: exit
2025/03/13 21:35:51 [notice] 37#37: exiting
2025/03/13 21:35:51 [notice] 38#38: exiting
2025/03/13 21:35:51 [notice] 39#39: exit
2025/03/13 21:35:51 [notice] 38#38: exit
2025/03/13 21:35:51 [notice] 31#31: exit
2025/03/13 21:35:51 [notice] 32#32: exit
2025/03/13 21:35:51 [notice] 36#36: exit
2025/03/13 21:35:51 [notice] 40#40: exit
2025/03/13 21:35:51 [notice] 37#37: exit
2025/03/13 21:35:51 [notice] 1#1: signal 17 (SIGCHLD) received from 33
2025/03/13 21:35:51 [notice] 1#1: worker process 31 exited with code 0
2025/03/13 21:35:51 [notice] 1#1: worker process 33 exited with code 0
2025/03/13 21:35:51 [notice] 1#1: worker process 38 exited with code 0
2025/03/13 21:35:51 [notice] 1#1: worker process 39 exited with code 0
2025/03/13 21:35:51 [notice] 1#1: signal 29 (SIGIO) received
2025/03/13 21:35:51 [notice] 1#1: signal 17 (SIGCHLD) received from 39
2025/03/13 21:35:51 [notice] 1#1: signal 17 (SIGCHLD) received from 35
2025/03/13 21:35:51 [notice] 1#1: worker process 35 exited with code 0
2025/03/13 21:35:51 [notice] 1#1: signal 29 (SIGIO) received
2025/03/13 21:35:51 [notice] 1#1: signal 17 (SIGCHLD) received from 32
2025/03/13 21:35:51 [notice] 1#1: worker process 29 exited with code 0
2025/03/13 21:35:51 [notice] 1#1: worker process 30 exited with code 0
2025/03/13 21:35:51 [notice] 1#1: worker process 32 exited with code 0
2025/03/13 21:35:51 [notice] 1#1: worker process 34 exited with code 0
2025/03/13 21:35:51 [notice] 1#1: worker process 36 exited with code 0
2025/03/13 21:35:51 [notice] 1#1: worker process 37 exited with code 0
2025/03/13 21:35:51 [notice] 1#1: worker process 40 exited with code 0
2025/03/13 21:35:51 [notice] 1#1: exit
2025/03/13 21:36:06 [emerg] 1#1: host not found in upstream "php-fpm" in /etc/nginx/conf.d/default.conf:16
2025/03/13 21:36:06 [emerg] 1#1: host not found in upstream "php-fpm" in /etc/nginx/conf.d/default.conf:16
2025/03/13 21:36:07 [emerg] 1#1: host not found in upstream "php-fpm" in /etc/nginx/conf.d/default.conf:16
2025/03/13 21:36:07 [emerg] 1#1: host not found in upstream "php-fpm" in /etc/nginx/conf.d/default.conf:16
2025/03/13 21:36:08 [emerg] 1#1: host not found in upstream "php-fpm" in /etc/nginx/conf.d/default.conf:16
2025/03/13 21:36:10 [emerg] 1#1: host not found in upstream "php-fpm" in /etc/nginx/conf.d/default.conf:16
2025/03/13 21:36:13 [emerg] 1#1: host not found in upstream "php-fpm" in /etc/nginx/conf.d/default.conf:16
2025/03/13 21:36:20 [emerg] 1#1: host not found in upstream "php-fpm" in /etc/nginx/conf.d/default.conf:16
2025/03/13 21:36:33 [emerg] 1#1: host not found in upstream "php-fpm" in /etc/nginx/conf.d/default.conf:16
2025/03/13 21:36:58 [emerg] 1#1: host not found in upstream "php-fpm" in /etc/nginx/conf.d/default.conf:16
2025/03/13 21:37:50 [emerg] 1#1: host not found in upstream "php-fpm" in /etc/nginx/conf.d/default.conf:16
2025/03/13 21:38:50 [emerg] 1#1: host not found in upstream "php-fpm" in /etc/nginx/conf.d/default.conf:16
2025/03/13 21:39:50 [notice] 1#1: using the "epoll" event method
2025/03/13 21:39:50 [notice] 1#1: nginx/1.27.4
2025/03/13 21:39:50 [notice] 1#1: built by gcc 14.2.0 (Alpine 14.2.0) 
2025/03/13 21:39:50 [notice] 1#1: OS: Linux 6.12.5-linuxkit
2025/03/13 21:39:50 [notice] 1#1: getrlimit(RLIMIT_NOFILE): 1048576:1048576
2025/03/13 21:39:50 [notice] 1#1: start worker processes
2025/03/13 21:39:50 [notice] 1#1: start worker process 29
2025/03/13 21:39:50 [notice] 1#1: start worker process 30
2025/03/13 21:39:50 [notice] 1#1: start worker process 31
2025/03/13 21:39:50 [notice] 1#1: start worker process 32
2025/03/13 21:39:50 [notice] 1#1: start worker process 33
2025/03/13 21:39:50 [notice] 1#1: start worker process 34
2025/03/13 21:39:50 [notice] 1#1: start worker process 35
2025/03/13 21:39:50 [notice] 1#1: start worker process 36
2025/03/13 21:39:50 [notice] 1#1: start worker process 37
2025/03/13 21:39:50 [notice] 1#1: start worker process 38
2025/03/13 21:39:50 [notice] 1#1: start worker process 39
2025/03/13 21:39:50 [notice] 1#1: start worker process 40
